[ 2017-03-28T14:31:04+08:00 ] 127.0.0.1 /
INFO: [ app_init ] --START--
INFO: Run Behavior\BuildLiteBehavior [ RunTime:0.000037s ]
INFO: [ app_init ] --END-- [ RunTime:0.013080s ]
INFO: [ app_begin ] --START--
INFO: Run Behavior\ReadHtmlCacheBehavior [ RunTime:0.010175s ]
INFO: [ app_begin ] --END-- [ RunTime:0.010388s ]
INFO: [ view_parse ] --START--
INFO: [ template_filter ] --START--
INFO: Run Behavior\ContentReplaceBehavior [ RunTime:0.022238s ]
INFO: [ template_filter ] --END-- [ RunTime:0.022427s ]
INFO: Run Behavior\ParseTemplateBehavior [ RunTime:0.079502s ]
INFO: [ view_parse ] --END-- [ RunTime:0.079663s ]
INFO: [ view_filter ] --START--
INFO: Run Behavior\WriteHtmlCacheBehavior [ RunTime:0.001335s ]
INFO: [ view_filter ] --END-- [ RunTime:0.001448s ]
INFO: [ app_end ] --START--
INFO: Run Behavior\ShowPageTraceBehavior [ RunTime:0.009532s ]
INFO: [ app_end ] --END-- [ RunTime:0.009699s ]

[ 2017-03-28T21:29:12+08:00 ] 127.0.0.1 /
INFO: [ app_init ] --START--
INFO: Run Behavior\BuildLiteBehavior [ RunTime:0.000016s ]
INFO: [ app_init ] --END-- [ RunTime:0.000403s ]
INFO: [ app_begin ] --START--
INFO: Run Behavior\ReadHtmlCacheBehavior [ RunTime:0.073239s ]
INFO: [ app_begin ] --END-- [ RunTime:0.073381s ]
INFO: [ view_parse ] --START--
INFO: [ template_filter ] --START--
INFO: Run Behavior\ContentReplaceBehavior [ RunTime:0.124893s ]
INFO: [ template_filter ] --END-- [ RunTime:0.125102s ]
INFO: Run Behavior\ParseTemplateBehavior [ RunTime:0.349964s ]
INFO: [ view_parse ] --END-- [ RunTime:0.350149s ]
INFO: [ view_filter ] --START--
INFO: Run Behavior\WriteHtmlCacheBehavior [ RunTime:0.044990s ]
INFO: [ view_filter ] --END-- [ RunTime:0.045117s ]
INFO: [ app_end ] --START--
INFO: Run Behavior\ShowPageTraceBehavior [ RunTime:0.027479s ]
INFO: [ app_end ] --END-- [ RunTime:0.027617s ]

