[ 2017-04-11T12:59:18+08:00 ] 127.0.0.1 /rjsdcctrl?mac%3d2c600c763544%26ipv4%3d3315605164%26ipv61%3d0%26ipv62%3d0%26ipv63%3d0%26ipv64%3d0%26product%3d33554432%26mainver%3d67108864%26subver%3d1660944384
INFO: [ app_init ] --START--
INFO: Run Behavior\BuildLiteBehavior [ RunTime:0.000020s ]
INFO: [ app_init ] --END-- [ RunTime:0.025774s ]
ERR: 无法加载模块:Rjsdcctrl

[ 2017-04-11T17:24:04+08:00 ] 192.168.191.3 /favicon.ico
INFO: [ app_init ] --START--
INFO: Run Behavior\BuildLiteBehavior [ RunTime:0.000017s ]
INFO: [ app_init ] --END-- [ RunTime:0.000497s ]
ERR: 无法加载模块:Favicon

[ 2017-04-11T17:25:06+08:00 ] 192.168.191.3 /favicon.ico
INFO: [ app_init ] --START--
INFO: Run Behavior\BuildLiteBehavior [ RunTime:0.000017s ]
INFO: [ app_init ] --END-- [ RunTime:0.000476s ]
ERR: 无法加载模块:Favicon

[ 2017-04-11T18:03:41+08:00 ] 192.168.191.3 /favicon.ico
INFO: [ app_init ] --START--
INFO: Run Behavior\BuildLiteBehavior [ RunTime:0.000021s ]
INFO: [ app_init ] --END-- [ RunTime:0.000716s ]
ERR: 无法加载模块:Favicon

[ 2017-04-11T18:14:46+08:00 ] 192.168.191.3 /favicon.ico
INFO: [ app_init ] --START--
INFO: Run Behavior\BuildLiteBehavior [ RunTime:0.000016s ]
INFO: [ app_init ] --END-- [ RunTime:0.000917s ]
ERR: 无法加载模块:Favicon

[ 2017-04-11T18:16:19+08:00 ] 192.168.191.3 /favicon.ico
INFO: [ app_init ] --START--
INFO: Run Behavior\BuildLiteBehavior [ RunTime:0.000011s ]
INFO: [ app_init ] --END-- [ RunTime:0.000307s ]
ERR: 无法加载模块:Favicon

[ 2017-04-11T21:47:50+08:00 ] 127.0.0.1 /rjsdcctrl?mac%3d2c600c763544%26ipv4%3d3315605164%26ipv61%3d0%26ipv62%3d0%26ipv63%3d0%26ipv64%3d0%26product%3d33554432%26mainver%3d67108864%26subver%3d1660944384
INFO: [ app_init ] --START--
INFO: Run Behavior\BuildLiteBehavior [ RunTime:0.000027s ]
INFO: [ app_init ] --END-- [ RunTime:0.000971s ]
ERR: 无法加载模块:Rjsdcctrl

[ 2017-04-11T21:48:32+08:00 ] 127.0.0.1 /rjsdcctrl?mac%3d2c600c763544%26ipv4%3d3315605164%26ipv61%3d0%26ipv62%3d0%26ipv63%3d0%26ipv64%3d0%26product%3d33554432%26mainver%3d67108864%26subver%3d1660944384
INFO: [ app_init ] --START--
INFO: Run Behavior\BuildLiteBehavior [ RunTime:0.000344s ]
INFO: [ app_init ] --END-- [ RunTime:0.001748s ]
ERR: 无法加载模块:Rjsdcctrl

[ 2017-04-11T21:49:00+08:00 ] 127.0.0.1 /irt?_ict_id=RRyuq5jJX7ZH1n7nrvYdBzFio0OCzl7%2BWvJbGqRVo%2FScQDXf&_iwt_UA=UA-iqiyi-130001&_iwt_p1=A-0-0&_iwt_p2=380187322&_iwt_p3=0-0-0-0&_iwt_p4=iqiyipps&_iwt_p8=5.5.33.3550&jsonp=SetIDA0&rn=31986
INFO: [ app_init ] --START--
INFO: Run Behavior\BuildLiteBehavior [ RunTime:0.000013s ]
INFO: [ app_init ] --END-- [ RunTime:0.000388s ]
ERR: 无法加载模块:Irt

[ 2017-04-11T21:52:55+08:00 ] 127.0.0.1 /irt?_ict_id=RRyuq5jJX7ZH1n7nrvYdBzFio0OCzl7%2BWvJbGqRVo%2FScQDXf&_iwt_UA=UA-iqiyi-130001&_iwt_p1=A-0-0&_iwt_p2=380187322&_iwt_p3=0-0-0-0&_iwt_p4=iqiyipps&_iwt_p8=5.5.33.3550&jsonp=SetIDA0&rn=31986
INFO: [ app_init ] --START--
INFO: Run Behavior\BuildLiteBehavior [ RunTime:0.000021s ]
INFO: [ app_init ] --END-- [ RunTime:0.000529s ]
ERR: 无法加载模块:Irt

[ 2017-04-11T21:53:39+08:00 ] 127.0.0.1 /irt?_ict_id=RRyuq5jJX7ZH1n7nrvYdBzFio0OCzl7%2BWvJbGqRVo%2FScQDXf&_iwt_UA=UA-iqiyi-130001&_iwt_p1=A-0-0&_iwt_p2=380187322&_iwt_p3=0-0-0-0&_iwt_p4=iqiyipps&_iwt_p8=5.5.33.3550&jsonp=SetIDA0&rn=31986
INFO: [ app_init ] --START--
INFO: Run Behavior\BuildLiteBehavior [ RunTime:0.000058s ]
INFO: [ app_init ] --END-- [ RunTime:0.000534s ]
ERR: 无法加载模块:Irt

[ 2017-04-11T21:55:08+08:00 ] 127.0.0.1 /irt?_ict_id=RRyuq5jJX7ZH1n7nrvYdBzFio0OCzl7%2BWvJbGqRVo%2FScQDXf&_iwt_UA=UA-iqiyi-130001&_iwt_p1=A-0-0&_iwt_p2=380187322&_iwt_p3=0-0-0-0&_iwt_p4=iqiyipps&_iwt_p8=5.5.33.3550&jsonp=SetIDA0&rn=31986
INFO: [ app_init ] --START--
INFO: Run Behavior\BuildLiteBehavior [ RunTime:0.000018s ]
INFO: [ app_init ] --END-- [ RunTime:0.000607s ]
ERR: 无法加载模块:Irt

[ 2017-04-11T21:56:21+08:00 ] 127.0.0.1 /irt?_ict_id=RRyuq5jJX7ZH1n7nrvYdBzFio0OCzl7%2BWvJbGqRVo%2FScQDXf&_iwt_UA=UA-iqiyi-130001&_iwt_p1=C-0-0&_iwt_p2=380187322&_iwt_p3=0-412-0-0&_iwt_p4=iqiyipps&_iwt_p8=5.5.33.3550&jsonp=SetIDA0&rn=658
INFO: [ app_init ] --START--
INFO: Run Behavior\BuildLiteBehavior [ RunTime:0.000022s ]
INFO: [ app_init ] --END-- [ RunTime:0.000724s ]
ERR: 无法加载模块:Irt

