[ 2017-03-12T09:26:55+08:00 ] 127.0.0.1 /rjsdcctrl?mac%3d2c600c763544%26ipv4%3d3315605164%26ipv61%3d0%26ipv62%3d0%26ipv63%3d0%26ipv64%3d0%26product%3d33554432%26mainver%3d67108864%26subver%3d1660944384
INFO: [ app_init ] --START--
INFO: Run Behavior\BuildLiteBehavior [ RunTime:0.000035s ]
INFO: [ app_init ] --END-- [ RunTime:0.025486s ]
ERR: 无法加载模块:Rjsdcctrl

[ 2017-03-12T12:15:41+08:00 ] 127.0.0.1 /uploads/11/com/weibo/face/2017-03-12/58c4cb692caab.pn
INFO: [ app_init ] --START--
INFO: Run Behavior\BuildLiteBehavior [ RunTime:0.000029s ]
INFO: [ app_init ] --END-- [ RunTime:0.000722s ]
ERR: 无法加载模块:Uploads

[ 2017-03-12T12:16:04+08:00 ] 127.0.0.1 /uploads/11/com/weibo/face/2017-03-12/58c4cb692caab.pn
INFO: [ app_init ] --START--
INFO: Run Behavior\BuildLiteBehavior [ RunTime:0.000024s ]
INFO: [ app_init ] --END-- [ RunTime:0.001586s ]
ERR: 无法加载模块:Uploads

[ 2017-03-12T12:16:05+08:00 ] 127.0.0.1 /uploads/11/com/weibo/face/2017-03-12/58c4cb692caab.pn
INFO: [ app_init ] --START--
INFO: Run Behavior\BuildLiteBehavior [ RunTime:0.000022s ]
INFO: [ app_init ] --END-- [ RunTime:0.000652s ]
ERR: 无法加载模块:Uploads

[ 2017-03-12T12:16:05+08:00 ] 127.0.0.1 /uploads/11/com/weibo/face/2017-03-12/58c4cb692caab.pn
INFO: [ app_init ] --START--
INFO: Run Behavior\BuildLiteBehavior [ RunTime:0.000016s ]
INFO: [ app_init ] --END-- [ RunTime:0.000462s ]
ERR: 无法加载模块:Uploads

[ 2017-03-12T12:16:17+08:00 ] 127.0.0.1 /uploads/11/com/weibo/face/2017-03-12/58c4cb8c7ff20.jp
INFO: [ app_init ] --START--
INFO: Run Behavior\BuildLiteBehavior [ RunTime:0.000024s ]
INFO: [ app_init ] --END-- [ RunTime:0.000585s ]
ERR: 无法加载模块:Uploads

[ 2017-03-12T12:17:38+08:00 ] 127.0.0.1 /uploads/11/com/weibo/face/2017-03-12/58c4cbde2e2e0.pn
INFO: [ app_init ] --START--
INFO: Run Behavior\BuildLiteBehavior [ RunTime:0.000013s ]
INFO: [ app_init ] --END-- [ RunTime:0.000326s ]
ERR: 无法加载模块:Uploads

[ 2017-03-12T12:18:13+08:00 ] 127.0.0.1 /uploads/11/com/weibo/face/2017-03-12/58c4cbde2e2e0.pn
INFO: [ app_init ] --START--
INFO: Run Behavior\BuildLiteBehavior [ RunTime:0.000016s ]
INFO: [ app_init ] --END-- [ RunTime:0.000492s ]
ERR: 无法加载模块:Uploads

[ 2017-03-12T12:18:14+08:00 ] 127.0.0.1 /uploads/11/com/weibo/face/2017-03-12/58c4cbde2e2e0.pn
INFO: [ app_init ] --START--
INFO: Run Behavior\BuildLiteBehavior [ RunTime:0.000015s ]
INFO: [ app_init ] --END-- [ RunTime:0.000424s ]
ERR: 无法加载模块:Uploads

[ 2017-03-12T16:47:36+08:00 ] 127.0.0.1 /rjsdcctrl?mac%3d2c600c763544%26ipv4%3d3315605164%26ipv61%3d0%26ipv62%3d0%26ipv63%3d0%26ipv64%3d0%26product%3d33554432%26mainver%3d67108864%26subver%3d1660944384
INFO: [ app_init ] --START--
INFO: Run Behavior\BuildLiteBehavior [ RunTime:0.000024s ]
INFO: [ app_init ] --END-- [ RunTime:0.001449s ]
ERR: 无法加载模块:Rjsdcctrl

