[ 2017-02-24T14:20:22+08:00 ] 127.0.0.1 /weibo/U('/Home/Index/reg')
INFO: [ app_init ] --START--
INFO: Run Behavior\BuildLiteBehavior [ RunTime:0.000016s ]
INFO: [ app_init ] --END-- [ RunTime:0.000473s ]
ERR: 无法加载模块:U('

[ 2017-02-24T14:21:40+08:00 ] 127.0.0.1 /weibo/U('/Home/Index/reg')
INFO: [ app_init ] --START--
INFO: Run Behavior\BuildLiteBehavior [ RunTime:0.000034s ]
INFO: [ app_init ] --END-- [ RunTime:0.001012s ]
ERR: 无法加载模块:U('

[ 2017-02-24T14:21:40+08:00 ] 127.0.0.1 /weibo/U('/Home/Index/reg')
INFO: [ app_init ] --START--
INFO: Run Behavior\BuildLiteBehavior [ RunTime:0.000033s ]
INFO: [ app_init ] --END-- [ RunTime:0.000897s ]
ERR: 无法加载模块:U('

[ 2017-02-24T14:22:05+08:00 ] 127.0.0.1 /weibo/U('/Home/Index/reg')
INFO: [ app_init ] --START--
INFO: Run Behavior\BuildLiteBehavior [ RunTime:0.000033s ]
INFO: [ app_init ] --END-- [ RunTime:0.001034s ]
ERR: 无法加载模块:U('

[ 2017-02-24T14:22:06+08:00 ] 127.0.0.1 /weibo/U('/Home/Index/reg')
INFO: [ app_init ] --START--
INFO: Run Behavior\BuildLiteBehavior [ RunTime:0.000057s ]
INFO: [ app_init ] --END-- [ RunTime:0.001583s ]
ERR: 无法加载模块:U('

[ 2017-02-24T14:22:06+08:00 ] 127.0.0.1 /weibo/U('/Home/Index/reg')
INFO: [ app_init ] --START--
INFO: Run Behavior\BuildLiteBehavior [ RunTime:0.000021s ]
INFO: [ app_init ] --END-- [ RunTime:0.000631s ]
ERR: 无法加载模块:U('

[ 2017-02-24T14:22:07+08:00 ] 127.0.0.1 /weibo/U('/Home/Index/reg')
INFO: [ app_init ] --START--
INFO: Run Behavior\BuildLiteBehavior [ RunTime:0.000056s ]
INFO: [ app_init ] --END-- [ RunTime:0.002752s ]
ERR: 无法加载模块:U('

[ 2017-02-24T17:12:03+08:00 ] 127.0.0.1 /weibo/Public/css/register.css
INFO: [ app_init ] --START--
INFO: Run Behavior\BuildLiteBehavior [ RunTime:0.000029s ]
INFO: [ app_init ] --END-- [ RunTime:0.000767s ]
ERR: 无法加载模块:Public

[ 2017-02-24T17:12:27+08:00 ] 127.0.0.1 /weibo/Public/css/register.css
INFO: [ app_init ] --START--
INFO: Run Behavior\BuildLiteBehavior [ RunTime:0.000012s ]
INFO: [ app_init ] --END-- [ RunTime:0.000380s ]
ERR: 无法加载模块:Public

[ 2017-02-24T17:13:32+08:00 ] 127.0.0.1 /weibo/Public/css/demo/images/unchecked.gif
INFO: [ app_init ] --START--
INFO: Run Behavior\BuildLiteBehavior [ RunTime:0.000072s ]
INFO: [ app_init ] --END-- [ RunTime:0.001244s ]
ERR: 无法加载模块:Public

[ 2017-02-24T17:14:34+08:00 ] 127.0.0.1 /weibo/Public/css/demo/images/unchecked.gif
INFO: [ app_init ] --START--
INFO: Run Behavior\BuildLiteBehavior [ RunTime:0.000030s ]
INFO: [ app_init ] --END-- [ RunTime:0.000711s ]
ERR: 无法加载模块:Public

[ 2017-02-24T17:19:20+08:00 ] 127.0.0.1 /weibo/Public/css/demo/images/checked.gif
INFO: [ app_init ] --START--
INFO: Run Behavior\BuildLiteBehavior [ RunTime:0.000031s ]
INFO: [ app_init ] --END-- [ RunTime:0.001081s ]
ERR: 无法加载模块:Public

[ 2017-02-24T17:19:22+08:00 ] 127.0.0.1 /weibo/Public/css/demo/images/unchecked.gif
INFO: [ app_init ] --START--
INFO: Run Behavior\BuildLiteBehavior [ RunTime:0.000041s ]
INFO: [ app_init ] --END-- [ RunTime:0.001728s ]
ERR: 无法加载模块:Public

[ 2017-02-24T17:21:42+08:00 ] 127.0.0.1 /weibo/Public/css/demo/images/checked.gif
INFO: [ app_init ] --START--
INFO: Run Behavior\BuildLiteBehavior [ RunTime:0.000019s ]
INFO: [ app_init ] --END-- [ RunTime:0.000733s ]
ERR: 无法加载模块:Public

[ 2017-02-24T17:24:59+08:00 ] 127.0.0.1 /weibo/Public/css/demo/images/unchecked.gif
INFO: [ app_init ] --START--
INFO: Run Behavior\BuildLiteBehavior [ RunTime:0.000016s ]
INFO: [ app_init ] --END-- [ RunTime:0.000376s ]
ERR: 无法加载模块:Public

[ 2017-02-24T17:25:15+08:00 ] 127.0.0.1 /weibo/Public/css/demo/images/unchecked.gif
INFO: [ app_init ] --START--
INFO: Run Behavior\BuildLiteBehavior [ RunTime:0.000018s ]
INFO: [ app_init ] --END-- [ RunTime:0.000687s ]
ERR: 无法加载模块:Public

[ 2017-02-24T17:25:49+08:00 ] 127.0.0.1 /weibo/Public/css/demo/images/unchecked.gif
INFO: [ app_init ] --START--
INFO: Run Behavior\BuildLiteBehavior [ RunTime:0.000035s ]
INFO: [ app_init ] --END-- [ RunTime:0.001116s ]
ERR: 无法加载模块:Public

[ 2017-02-24T17:26:06+08:00 ] 127.0.0.1 /weibo/Public/css/demo/images/unchecked.gif
INFO: [ app_init ] --START--
INFO: Run Behavior\BuildLiteBehavior [ RunTime:0.000021s ]
INFO: [ app_init ] --END-- [ RunTime:0.000576s ]
ERR: 无法加载模块:Public

[ 2017-02-24T17:26:32+08:00 ] 127.0.0.1 /weibo/Public/css/demo/images/unchecked.gif
INFO: [ app_init ] --START--
INFO: Run Behavior\BuildLiteBehavior [ RunTime:0.000024s ]
INFO: [ app_init ] --END-- [ RunTime:0.000590s ]
ERR: 无法加载模块:Public

[ 2017-02-24T17:27:00+08:00 ] 127.0.0.1 /weibo/Public/css/demo/images/unchecked.gif
INFO: [ app_init ] --START--
INFO: Run Behavior\BuildLiteBehavior [ RunTime:0.000033s ]
INFO: [ app_init ] --END-- [ RunTime:0.001019s ]
ERR: 无法加载模块:Public

[ 2017-02-24T17:28:40+08:00 ] 127.0.0.1 /weibo/Public/css/demo/images/unchecked.gif
INFO: [ app_init ] --START--
INFO: Run Behavior\BuildLiteBehavior [ RunTime:0.000024s ]
INFO: [ app_init ] --END-- [ RunTime:0.001076s ]
ERR: 无法加载模块:Public

[ 2017-02-24T17:28:52+08:00 ] 127.0.0.1 /weibo/Public/css/demo/images/unchecked.gif
INFO: [ app_init ] --START--
INFO: Run Behavior\BuildLiteBehavior [ RunTime:0.000428s ]
INFO: [ app_init ] --END-- [ RunTime:0.002112s ]
ERR: 无法加载模块:Public

[ 2017-02-24T17:29:02+08:00 ] 127.0.0.1 /weibo/Public/css/demo/images/unchecked.gif
INFO: [ app_init ] --START--
INFO: Run Behavior\BuildLiteBehavior [ RunTime:0.000030s ]
INFO: [ app_init ] --END-- [ RunTime:0.000929s ]
ERR: 无法加载模块:Public

[ 2017-02-24T17:29:34+08:00 ] 127.0.0.1 /weibo/Public/css/demo/images/unchecked.gif
INFO: [ app_init ] --START--
INFO: Run Behavior\BuildLiteBehavior [ RunTime:0.000028s ]
INFO: [ app_init ] --END-- [ RunTime:0.000796s ]
ERR: 无法加载模块:Public

