[ 2017-03-17T09:21:07+08:00 ] 127.0.0.1 /uploads/11/58c4cbde2e2e0.png
INFO: [ app_init ] --START--
INFO: Run Behavior\BuildLiteBehavior [ RunTime:0.000022s ]
INFO: [ app_init ] --END-- [ RunTime:0.000495s ]
ERR: 无法加载模块:Uploads

[ 2017-03-17T09:21:07+08:00 ] 127.0.0.1 /uploads/12/58c4cbde2e2e0.png
INFO: [ app_init ] --START--
INFO: Run Behavior\BuildLiteBehavior [ RunTime:0.000020s ]
INFO: [ app_init ] --END-- [ RunTime:0.000458s ]
ERR: 无法加载模块:Uploads

[ 2017-03-17T09:22:40+08:00 ] 127.0.0.1 /uploads/11/58c4cbde2e2e0.png
INFO: [ app_init ] --START--
INFO: Run Behavior\BuildLiteBehavior [ RunTime:0.000022s ]
INFO: [ app_init ] --END-- [ RunTime:0.000551s ]
ERR: 无法加载模块:Uploads

[ 2017-03-17T09:22:40+08:00 ] 127.0.0.1 /uploads/12/58c4cbde2e2e0.png
INFO: [ app_init ] --START--
INFO: Run Behavior\BuildLiteBehavior [ RunTime:0.000022s ]
INFO: [ app_init ] --END-- [ RunTime:0.000503s ]
ERR: 无法加载模块:Uploads

[ 2017-03-17T09:22:49+08:00 ] 127.0.0.1 /uploads/11/58c4cbde2e2e0.png
INFO: [ app_init ] --START--
INFO: Run Behavior\BuildLiteBehavior [ RunTime:0.000021s ]
INFO: [ app_init ] --END-- [ RunTime:0.000513s ]
ERR: 无法加载模块:Uploads

[ 2017-03-17T09:22:49+08:00 ] 127.0.0.1 /uploads/12/58c4cbde2e2e0.png
INFO: [ app_init ] --START--
INFO: Run Behavior\BuildLiteBehavior [ RunTime:0.000025s ]
INFO: [ app_init ] --END-- [ RunTime:0.000607s ]
ERR: 无法加载模块:Uploads

[ 2017-03-17T09:35:03+08:00 ] 127.0.0.1 /uploads/11/58c4cbde2e2e0.png
INFO: [ app_init ] --START--
INFO: Run Behavior\BuildLiteBehavior [ RunTime:0.000019s ]
INFO: [ app_init ] --END-- [ RunTime:0.000456s ]
ERR: 无法加载模块:Uploads

[ 2017-03-17T09:35:03+08:00 ] 127.0.0.1 /uploads/12/58c4cbde2e2e0.png
INFO: [ app_init ] --START--
INFO: Run Behavior\BuildLiteBehavior [ RunTime:0.000021s ]
INFO: [ app_init ] --END-- [ RunTime:0.000554s ]
ERR: 无法加载模块:Uploads

[ 2017-03-17T09:38:18+08:00 ] 127.0.0.1 /uploads/12/58c4cbde2e2e0.png
INFO: [ app_init ] --START--
INFO: Run Behavior\BuildLiteBehavior [ RunTime:0.000019s ]
INFO: [ app_init ] --END-- [ RunTime:0.000485s ]
ERR: 无法加载模块:Uploads

[ 2017-03-17T09:38:18+08:00 ] 127.0.0.1 /uploads/11/58c4cbde2e2e0.png
INFO: [ app_init ] --START--
INFO: Run Behavior\BuildLiteBehavior [ RunTime:0.000022s ]
INFO: [ app_init ] --END-- [ RunTime:0.000625s ]
ERR: 无法加载模块:Uploads

[ 2017-03-17T09:45:19+08:00 ] 127.0.0.1 /uploads/11/58c4cbde2e2e0.png
INFO: [ app_init ] --START--
INFO: Run Behavior\BuildLiteBehavior [ RunTime:0.000017s ]
INFO: [ app_init ] --END-- [ RunTime:0.000439s ]
ERR: 无法加载模块:Uploads

[ 2017-03-17T09:45:19+08:00 ] 127.0.0.1 /uploads/12/58c4cbde2e2e0.png
INFO: [ app_init ] --START--
INFO: Run Behavior\BuildLiteBehavior [ RunTime:0.000019s ]
INFO: [ app_init ] --END-- [ RunTime:0.000562s ]
ERR: 无法加载模块:Uploads

[ 2017-03-17T10:04:00+08:00 ] 127.0.0.1 /uploads/11/58c4cbde2e2e0.png
INFO: [ app_init ] --START--
INFO: Run Behavior\BuildLiteBehavior [ RunTime:0.000018s ]
INFO: [ app_init ] --END-- [ RunTime:0.000433s ]
ERR: 无法加载模块:Uploads

[ 2017-03-17T10:04:00+08:00 ] 127.0.0.1 /uploads/12/58c4cbde2e2e0.png
INFO: [ app_init ] --START--
INFO: Run Behavior\BuildLiteBehavior [ RunTime:0.000021s ]
INFO: [ app_init ] --END-- [ RunTime:0.000484s ]
ERR: 无法加载模块:Uploads

[ 2017-03-17T10:04:01+08:00 ] 127.0.0.1 /uploads/12/58c4cbde2e2e0.png
INFO: [ app_init ] --START--
INFO: Run Behavior\BuildLiteBehavior [ RunTime:0.000020s ]
INFO: [ app_init ] --END-- [ RunTime:0.000484s ]
ERR: 无法加载模块:Uploads

[ 2017-03-17T10:04:01+08:00 ] 127.0.0.1 /uploads/11/58c4cbde2e2e0.png
INFO: [ app_init ] --START--
INFO: Run Behavior\BuildLiteBehavior [ RunTime:0.000019s ]
INFO: [ app_init ] --END-- [ RunTime:0.000535s ]
ERR: 无法加载模块:Uploads

[ 2017-03-17T10:04:06+08:00 ] 127.0.0.1 /uploads/11/58c4cbde2e2e0.png
INFO: [ app_init ] --START--
INFO: Run Behavior\BuildLiteBehavior [ RunTime:0.000021s ]
INFO: [ app_init ] --END-- [ RunTime:0.000678s ]
ERR: 无法加载模块:Uploads

[ 2017-03-17T10:04:06+08:00 ] 127.0.0.1 /uploads/12/58c4cbde2e2e0.png
INFO: [ app_init ] --START--
INFO: Run Behavior\BuildLiteBehavior [ RunTime:0.000024s ]
INFO: [ app_init ] --END-- [ RunTime:0.004078s ]
ERR: 无法加载模块:Uploads

[ 2017-03-17T10:04:07+08:00 ] 127.0.0.1 /uploads/12/58c4cbde2e2e0.png
INFO: [ app_init ] --START--
INFO: Run Behavior\BuildLiteBehavior [ RunTime:0.000016s ]
INFO: [ app_init ] --END-- [ RunTime:0.000416s ]
ERR: 无法加载模块:Uploads

[ 2017-03-17T10:04:07+08:00 ] 127.0.0.1 /uploads/11/58c4cbde2e2e0.png
INFO: [ app_init ] --START--
INFO: Run Behavior\BuildLiteBehavior [ RunTime:0.000021s ]
INFO: [ app_init ] --END-- [ RunTime:0.000679s ]
ERR: 无法加载模块:Uploads

[ 2017-03-17T10:04:07+08:00 ] 127.0.0.1 /uploads/11/58c4cbde2e2e0.png
INFO: [ app_init ] --START--
INFO: Run Behavior\BuildLiteBehavior [ RunTime:0.000019s ]
INFO: [ app_init ] --END-- [ RunTime:0.000481s ]
ERR: 无法加载模块:Uploads

[ 2017-03-17T10:04:07+08:00 ] 127.0.0.1 /uploads/12/58c4cbde2e2e0.png
INFO: [ app_init ] --START--
INFO: Run Behavior\BuildLiteBehavior [ RunTime:0.000022s ]
INFO: [ app_init ] --END-- [ RunTime:0.000460s ]
ERR: 无法加载模块:Uploads

[ 2017-03-17T10:04:08+08:00 ] 127.0.0.1 /uploads/11/58c4cbde2e2e0.png
INFO: [ app_init ] --START--
INFO: Run Behavior\BuildLiteBehavior [ RunTime:0.000019s ]
INFO: [ app_init ] --END-- [ RunTime:0.000460s ]
ERR: 无法加载模块:Uploads

[ 2017-03-17T10:04:08+08:00 ] 127.0.0.1 /uploads/12/58c4cbde2e2e0.png
INFO: [ app_init ] --START--
INFO: Run Behavior\BuildLiteBehavior [ RunTime:0.000019s ]
INFO: [ app_init ] --END-- [ RunTime:0.000449s ]
ERR: 无法加载模块:Uploads

[ 2017-03-17T10:04:08+08:00 ] 127.0.0.1 /uploads/12/58c4cbde2e2e0.png
INFO: [ app_init ] --START--
INFO: Run Behavior\BuildLiteBehavior [ RunTime:0.000020s ]
INFO: [ app_init ] --END-- [ RunTime:0.000475s ]
ERR: 无法加载模块:Uploads

[ 2017-03-17T10:04:08+08:00 ] 127.0.0.1 /uploads/11/58c4cbde2e2e0.png
INFO: [ app_init ] --START--
INFO: Run Behavior\BuildLiteBehavior [ RunTime:0.000012s ]
INFO: [ app_init ] --END-- [ RunTime:0.000320s ]
ERR: 无法加载模块:Uploads

[ 2017-03-17T10:04:08+08:00 ] 127.0.0.1 /uploads/12/58c4cbde2e2e0.png
INFO: [ app_init ] --START--
INFO: Run Behavior\BuildLiteBehavior [ RunTime:0.000022s ]
INFO: [ app_init ] --END-- [ RunTime:0.002286s ]
ERR: 无法加载模块:Uploads

[ 2017-03-17T10:04:08+08:00 ] 127.0.0.1 /uploads/11/58c4cbde2e2e0.png
INFO: [ app_init ] --START--
INFO: Run Behavior\BuildLiteBehavior [ RunTime:0.000012s ]
INFO: [ app_init ] --END-- [ RunTime:0.000329s ]
ERR: 无法加载模块:Uploads

[ 2017-03-17T10:04:09+08:00 ] 127.0.0.1 /uploads/12/58c4cbde2e2e0.png
INFO: [ app_init ] --START--
INFO: Run Behavior\BuildLiteBehavior [ RunTime:0.000018s ]
INFO: [ app_init ] --END-- [ RunTime:0.000435s ]
ERR: 无法加载模块:Uploads

[ 2017-03-17T10:04:09+08:00 ] 127.0.0.1 /uploads/11/58c4cbde2e2e0.png
INFO: [ app_init ] --START--
INFO: Run Behavior\BuildLiteBehavior [ RunTime:0.000019s ]
INFO: [ app_init ] --END-- [ RunTime:0.000454s ]
ERR: 无法加载模块:Uploads

[ 2017-03-17T10:04:09+08:00 ] 127.0.0.1 /uploads/12/58c4cbde2e2e0.png
INFO: [ app_init ] --START--
INFO: Run Behavior\BuildLiteBehavior [ RunTime:0.000021s ]
INFO: [ app_init ] --END-- [ RunTime:0.000446s ]
ERR: 无法加载模块:Uploads

[ 2017-03-17T10:04:09+08:00 ] 127.0.0.1 /uploads/11/58c4cbde2e2e0.png
INFO: [ app_init ] --START--
INFO: Run Behavior\BuildLiteBehavior [ RunTime:0.000021s ]
INFO: [ app_init ] --END-- [ RunTime:0.000489s ]
ERR: 无法加载模块:Uploads

[ 2017-03-17T10:04:10+08:00 ] 127.0.0.1 /uploads/11/58c4cbde2e2e0.png
INFO: [ app_init ] --START--
INFO: Run Behavior\BuildLiteBehavior [ RunTime:0.000023s ]
INFO: [ app_init ] --END-- [ RunTime:0.000513s ]
ERR: 无法加载模块:Uploads

[ 2017-03-17T10:04:10+08:00 ] 127.0.0.1 /uploads/12/58c4cbde2e2e0.png
INFO: [ app_init ] --START--
INFO: Run Behavior\BuildLiteBehavior [ RunTime:0.000019s ]
INFO: [ app_init ] --END-- [ RunTime:0.000489s ]
ERR: 无法加载模块:Uploads

[ 2017-03-17T10:04:10+08:00 ] 127.0.0.1 /uploads/11/58c4cbde2e2e0.png
INFO: [ app_init ] --START--
INFO: Run Behavior\BuildLiteBehavior [ RunTime:0.000020s ]
INFO: [ app_init ] --END-- [ RunTime:0.000432s ]
ERR: 无法加载模块:Uploads

[ 2017-03-17T10:04:10+08:00 ] 127.0.0.1 /uploads/12/58c4cbde2e2e0.png
INFO: [ app_init ] --START--
INFO: Run Behavior\BuildLiteBehavior [ RunTime:0.000026s ]
INFO: [ app_init ] --END-- [ RunTime:0.000560s ]
ERR: 无法加载模块:Uploads

[ 2017-03-17T10:10:21+08:00 ] 127.0.0.1 /uploads/12/58c4cbde2e2e0.png
INFO: [ app_init ] --START--
INFO: Run Behavior\BuildLiteBehavior [ RunTime:0.000022s ]
INFO: [ app_init ] --END-- [ RunTime:0.000506s ]
ERR: 无法加载模块:Uploads

[ 2017-03-17T10:10:21+08:00 ] 127.0.0.1 /uploads/11/58c4cbde2e2e0.png
INFO: [ app_init ] --START--
INFO: Run Behavior\BuildLiteBehavior [ RunTime:0.000019s ]
INFO: [ app_init ] --END-- [ RunTime:0.000563s ]
ERR: 无法加载模块:Uploads

[ 2017-03-17T10:13:13+08:00 ] 127.0.0.1 /uploads/11/58c4cbde2e2e0.png
INFO: [ app_init ] --START--
INFO: Run Behavior\BuildLiteBehavior [ RunTime:0.000018s ]
INFO: [ app_init ] --END-- [ RunTime:0.000451s ]
ERR: 无法加载模块:Uploads

[ 2017-03-17T10:13:13+08:00 ] 127.0.0.1 /uploads/12/58c4cbde2e2e0.png
INFO: [ app_init ] --START--
INFO: Run Behavior\BuildLiteBehavior [ RunTime:0.000020s ]
INFO: [ app_init ] --END-- [ RunTime:0.000583s ]
ERR: 无法加载模块:Uploads

[ 2017-03-17T10:13:18+08:00 ] 127.0.0.1 /uploads/12/58c4cbde2e2e0.png
INFO: [ app_init ] --START--
INFO: Run Behavior\BuildLiteBehavior [ RunTime:0.000022s ]
INFO: [ app_init ] --END-- [ RunTime:0.001238s ]
ERR: 无法加载模块:Uploads

[ 2017-03-17T10:13:18+08:00 ] 127.0.0.1 /uploads/11/58c4cbde2e2e0.png
INFO: [ app_init ] --START--
INFO: Run Behavior\BuildLiteBehavior [ RunTime:0.000013s ]
INFO: [ app_init ] --END-- [ RunTime:0.000350s ]
ERR: 无法加载模块:Uploads

[ 2017-03-17T10:13:30+08:00 ] 127.0.0.1 /uploads/11/58c4cbde2e2e0.png
INFO: [ app_init ] --START--
INFO: Run Behavior\BuildLiteBehavior [ RunTime:0.000021s ]
INFO: [ app_init ] --END-- [ RunTime:0.000508s ]
ERR: 无法加载模块:Uploads

[ 2017-03-17T10:13:30+08:00 ] 127.0.0.1 /uploads/12/58c4cbde2e2e0.png
INFO: [ app_init ] --START--
INFO: Run Behavior\BuildLiteBehavior [ RunTime:0.000021s ]
INFO: [ app_init ] --END-- [ RunTime:0.000530s ]
ERR: 无法加载模块:Uploads

[ 2017-03-17T10:13:49+08:00 ] 127.0.0.1 /uploads/11/58c4cbde2e2e0.png
INFO: [ app_init ] --START--
INFO: Run Behavior\BuildLiteBehavior [ RunTime:0.000020s ]
INFO: [ app_init ] --END-- [ RunTime:0.000476s ]
ERR: 无法加载模块:Uploads

[ 2017-03-17T10:13:49+08:00 ] 127.0.0.1 /uploads/12/58c4cbde2e2e0.png
INFO: [ app_init ] --START--
INFO: Run Behavior\BuildLiteBehavior [ RunTime:0.000022s ]
INFO: [ app_init ] --END-- [ RunTime:0.000540s ]
ERR: 无法加载模块:Uploads

[ 2017-03-17T10:14:11+08:00 ] 127.0.0.1 /uploads/12/58c4cbde2e2e0.png
INFO: [ app_init ] --START--
INFO: Run Behavior\BuildLiteBehavior [ RunTime:0.000022s ]
INFO: [ app_init ] --END-- [ RunTime:0.000477s ]
ERR: 无法加载模块:Uploads

[ 2017-03-17T10:14:11+08:00 ] 127.0.0.1 /uploads/11/58c4cbde2e2e0.png
INFO: [ app_init ] --START--
INFO: Run Behavior\BuildLiteBehavior [ RunTime:0.000027s ]
INFO: [ app_init ] --END-- [ RunTime:0.000614s ]
ERR: 无法加载模块:Uploads

[ 2017-03-17T10:14:16+08:00 ] 127.0.0.1 /uploads/12/58c4cbde2e2e0.png
INFO: [ app_init ] --START--
INFO: Run Behavior\BuildLiteBehavior [ RunTime:0.000018s ]
INFO: [ app_init ] --END-- [ RunTime:0.000439s ]
ERR: 无法加载模块:Uploads

[ 2017-03-17T10:14:16+08:00 ] 127.0.0.1 /uploads/11/58c4cbde2e2e0.png
INFO: [ app_init ] --START--
INFO: Run Behavior\BuildLiteBehavior [ RunTime:0.000025s ]
INFO: [ app_init ] --END-- [ RunTime:0.000540s ]
ERR: 无法加载模块:Uploads

[ 2017-03-17T10:15:44+08:00 ] 127.0.0.1 /uploads/12/58c4cbde2e2e0.png
INFO: [ app_init ] --START--
INFO: Run Behavior\BuildLiteBehavior [ RunTime:0.000023s ]
INFO: [ app_init ] --END-- [ RunTime:0.000482s ]
ERR: 无法加载模块:Uploads

[ 2017-03-17T10:15:44+08:00 ] 127.0.0.1 /uploads/11/58c4cbde2e2e0.png
INFO: [ app_init ] --START--
INFO: Run Behavior\BuildLiteBehavior [ RunTime:0.000021s ]
INFO: [ app_init ] --END-- [ RunTime:0.000474s ]
ERR: 无法加载模块:Uploads

[ 2017-03-17T10:17:06+08:00 ] 127.0.0.1 /uploads/11/58c4cbde2e2e0.png
INFO: [ app_init ] --START--
INFO: Run Behavior\BuildLiteBehavior [ RunTime:0.000018s ]
INFO: [ app_init ] --END-- [ RunTime:0.000468s ]
ERR: 无法加载模块:Uploads

[ 2017-03-17T10:17:06+08:00 ] 127.0.0.1 /uploads/12/58c4cbde2e2e0.png
INFO: [ app_init ] --START--
INFO: Run Behavior\BuildLiteBehavior [ RunTime:0.000019s ]
INFO: [ app_init ] --END-- [ RunTime:0.000532s ]
ERR: 无法加载模块:Uploads

[ 2017-03-17T10:17:12+08:00 ] 127.0.0.1 /uploads/11/58c4cbde2e2e0.png
INFO: [ app_init ] --START--
INFO: Run Behavior\BuildLiteBehavior [ RunTime:0.000022s ]
INFO: [ app_init ] --END-- [ RunTime:0.000634s ]
ERR: 无法加载模块:Uploads

[ 2017-03-17T10:17:12+08:00 ] 127.0.0.1 /uploads/12/58c4cbde2e2e0.png
INFO: [ app_init ] --START--
INFO: Run Behavior\BuildLiteBehavior [ RunTime:0.000018s ]
INFO: [ app_init ] --END-- [ RunTime:0.000463s ]
ERR: 无法加载模块:Uploads

[ 2017-03-17T10:18:11+08:00 ] 127.0.0.1 /uploads/12/58c4cbde2e2e0.png
INFO: [ app_init ] --START--
INFO: Run Behavior\BuildLiteBehavior [ RunTime:0.000050s ]
INFO: [ app_init ] --END-- [ RunTime:0.001986s ]
ERR: 无法加载模块:Uploads

[ 2017-03-17T10:18:11+08:00 ] 127.0.0.1 /uploads/11/58c4cbde2e2e0.png
INFO: [ app_init ] --START--
INFO: Run Behavior\BuildLiteBehavior [ RunTime:0.000022s ]
INFO: [ app_init ] --END-- [ RunTime:0.000915s ]
ERR: 无法加载模块:Uploads

[ 2017-03-17T10:18:11+08:00 ] 127.0.0.1 /uploads/12/58c4cbde2e2e0.png
INFO: [ app_init ] --START--
INFO: Run Behavior\BuildLiteBehavior [ RunTime:0.000023s ]
INFO: [ app_init ] --END-- [ RunTime:0.000577s ]
ERR: 无法加载模块:Uploads

[ 2017-03-17T10:18:11+08:00 ] 127.0.0.1 /uploads/11/58c4cbde2e2e0.png
INFO: [ app_init ] --START--
INFO: Run Behavior\BuildLiteBehavior [ RunTime:0.000026s ]
INFO: [ app_init ] --END-- [ RunTime:0.000544s ]
ERR: 无法加载模块:Uploads

[ 2017-03-17T10:18:12+08:00 ] 127.0.0.1 /uploads/11/58c4cbde2e2e0.png
INFO: [ app_init ] --START--
INFO: Run Behavior\BuildLiteBehavior [ RunTime:0.000021s ]
INFO: [ app_init ] --END-- [ RunTime:0.000582s ]
ERR: 无法加载模块:Uploads

[ 2017-03-17T10:18:12+08:00 ] 127.0.0.1 /uploads/12/58c4cbde2e2e0.png
INFO: [ app_init ] --START--
INFO: Run Behavior\BuildLiteBehavior [ RunTime:0.000022s ]
INFO: [ app_init ] --END-- [ RunTime:0.000474s ]
ERR: 无法加载模块:Uploads

[ 2017-03-17T10:18:12+08:00 ] 127.0.0.1 /uploads/11/58c4cbde2e2e0.png
INFO: [ app_init ] --START--
INFO: Run Behavior\BuildLiteBehavior [ RunTime:0.000021s ]
INFO: [ app_init ] --END-- [ RunTime:0.000479s ]
ERR: 无法加载模块:Uploads

[ 2017-03-17T10:18:12+08:00 ] 127.0.0.1 /uploads/12/58c4cbde2e2e0.png
INFO: [ app_init ] --START--
INFO: Run Behavior\BuildLiteBehavior [ RunTime:0.000028s ]
INFO: [ app_init ] --END-- [ RunTime:0.000618s ]
ERR: 无法加载模块:Uploads

[ 2017-03-17T10:18:13+08:00 ] 127.0.0.1 /uploads/11/58c4cbde2e2e0.png
INFO: [ app_init ] --START--
INFO: Run Behavior\BuildLiteBehavior [ RunTime:0.000020s ]
INFO: [ app_init ] --END-- [ RunTime:0.000431s ]
ERR: 无法加载模块:Uploads

[ 2017-03-17T10:18:13+08:00 ] 127.0.0.1 /uploads/12/58c4cbde2e2e0.png
INFO: [ app_init ] --START--
INFO: Run Behavior\BuildLiteBehavior [ RunTime:0.000024s ]
INFO: [ app_init ] --END-- [ RunTime:0.000545s ]
ERR: 无法加载模块:Uploads

[ 2017-03-17T10:18:13+08:00 ] 127.0.0.1 /uploads/12/58c4cbde2e2e0.png
INFO: [ app_init ] --START--
INFO: Run Behavior\BuildLiteBehavior [ RunTime:0.000043s ]
INFO: [ app_init ] --END-- [ RunTime:0.004005s ]
ERR: 无法加载模块:Uploads

[ 2017-03-17T10:18:13+08:00 ] 127.0.0.1 /uploads/11/58c4cbde2e2e0.png
INFO: [ app_init ] --START--
INFO: Run Behavior\BuildLiteBehavior [ RunTime:0.000021s ]
INFO: [ app_init ] --END-- [ RunTime:0.000513s ]
ERR: 无法加载模块:Uploads

[ 2017-03-17T10:18:49+08:00 ] 127.0.0.1 /uploads/12/58c4cbde2e2e0.png
INFO: [ app_init ] --START--
INFO: Run Behavior\BuildLiteBehavior [ RunTime:0.000017s ]
INFO: [ app_init ] --END-- [ RunTime:0.000436s ]
ERR: 无法加载模块:Uploads

[ 2017-03-17T10:18:49+08:00 ] 127.0.0.1 /uploads/11/58c4cbde2e2e0.png
INFO: [ app_init ] --START--
INFO: Run Behavior\BuildLiteBehavior [ RunTime:0.000024s ]
INFO: [ app_init ] --END-- [ RunTime:0.000706s ]
ERR: 无法加载模块:Uploads

[ 2017-03-17T10:19:01+08:00 ] 127.0.0.1 /uploads/12/58c4cbde2e2e0.png
INFO: [ app_init ] --START--
INFO: Run Behavior\BuildLiteBehavior [ RunTime:0.000019s ]
INFO: [ app_init ] --END-- [ RunTime:0.000453s ]
ERR: 无法加载模块:Uploads

[ 2017-03-17T10:19:01+08:00 ] 127.0.0.1 /uploads/11/58c4cbde2e2e0.png
INFO: [ app_init ] --START--
INFO: Run Behavior\BuildLiteBehavior [ RunTime:0.000024s ]
INFO: [ app_init ] --END-- [ RunTime:0.000662s ]
ERR: 无法加载模块:Uploads

[ 2017-03-17T10:20:43+08:00 ] 127.0.0.1 /uploads/12/58c4cbde2e2e0.png
INFO: [ app_init ] --START--
INFO: Run Behavior\BuildLiteBehavior [ RunTime:0.000024s ]
INFO: [ app_init ] --END-- [ RunTime:0.000676s ]
ERR: 无法加载模块:Uploads

[ 2017-03-17T10:20:43+08:00 ] 127.0.0.1 /uploads/11/58c4cbde2e2e0.png
INFO: [ app_init ] --START--
INFO: Run Behavior\BuildLiteBehavior [ RunTime:0.000021s ]
INFO: [ app_init ] --END-- [ RunTime:0.000625s ]
ERR: 无法加载模块:Uploads

[ 2017-03-17T10:21:12+08:00 ] 127.0.0.1 /uploads/11/58c4cbde2e2e0.png
INFO: [ app_init ] --START--
INFO: Run Behavior\BuildLiteBehavior [ RunTime:0.000019s ]
INFO: [ app_init ] --END-- [ RunTime:0.000469s ]
ERR: 无法加载模块:Uploads

[ 2017-03-17T10:21:17+08:00 ] 127.0.0.1 /uploads/12/58c4cbde2e2e0.png
INFO: [ app_init ] --START--
INFO: Run Behavior\BuildLiteBehavior [ RunTime:0.000013s ]
INFO: [ app_init ] --END-- [ RunTime:0.000346s ]
ERR: 无法加载模块:Uploads

[ 2017-03-17T10:21:27+08:00 ] 127.0.0.1 /uploads/11/58c4cbde2e2e0.png
INFO: [ app_init ] --START--
INFO: Run Behavior\BuildLiteBehavior [ RunTime:0.000027s ]
INFO: [ app_init ] --END-- [ RunTime:0.000453s ]
ERR: 无法加载模块:Uploads

[ 2017-03-17T10:21:27+08:00 ] 127.0.0.1 /uploads/12/58c4cbde2e2e0.png
INFO: [ app_init ] --START--
INFO: Run Behavior\BuildLiteBehavior [ RunTime:0.000018s ]
INFO: [ app_init ] --END-- [ RunTime:0.000474s ]
ERR: 无法加载模块:Uploads

[ 2017-03-17T10:21:32+08:00 ] 127.0.0.1 /uploads/12/58c4cbde2e2e0.png
INFO: [ app_init ] --START--
INFO: Run Behavior\BuildLiteBehavior [ RunTime:0.000024s ]
INFO: [ app_init ] --END-- [ RunTime:0.000644s ]
ERR: 无法加载模块:Uploads

[ 2017-03-17T10:21:32+08:00 ] 127.0.0.1 /uploads/11/58c4cbde2e2e0.png
INFO: [ app_init ] --START--
INFO: Run Behavior\BuildLiteBehavior [ RunTime:0.000023s ]
INFO: [ app_init ] --END-- [ RunTime:0.002115s ]
ERR: 无法加载模块:Uploads

[ 2017-03-17T10:24:05+08:00 ] 127.0.0.1 /uploads/12/58c4cbde2e2e0.png
INFO: [ app_init ] --START--
INFO: Run Behavior\BuildLiteBehavior [ RunTime:0.000020s ]
INFO: [ app_init ] --END-- [ RunTime:0.000466s ]
ERR: 无法加载模块:Uploads

[ 2017-03-17T10:24:05+08:00 ] 127.0.0.1 /uploads/11/58c4cbde2e2e0.png
INFO: [ app_init ] --START--
INFO: Run Behavior\BuildLiteBehavior [ RunTime:0.000016s ]
INFO: [ app_init ] --END-- [ RunTime:0.000449s ]
ERR: 无法加载模块:Uploads

[ 2017-03-17T10:25:28+08:00 ] 127.0.0.1 /uploads/11/58c4cbde2e2e0.png
INFO: [ app_init ] --START--
INFO: Run Behavior\BuildLiteBehavior [ RunTime:0.000018s ]
INFO: [ app_init ] --END-- [ RunTime:0.000473s ]
ERR: 无法加载模块:Uploads

[ 2017-03-17T10:25:28+08:00 ] 127.0.0.1 /uploads/12/58c4cbde2e2e0.png
INFO: [ app_init ] --START--
INFO: Run Behavior\BuildLiteBehavior [ RunTime:0.000013s ]
INFO: [ app_init ] --END-- [ RunTime:0.000376s ]
ERR: 无法加载模块:Uploads

[ 2017-03-17T10:45:52+08:00 ] 127.0.0.1 /uploads/11/58c4cbde2e2e0.png
INFO: [ app_init ] --START--
INFO: Run Behavior\BuildLiteBehavior [ RunTime:0.000022s ]
INFO: [ app_init ] --END-- [ RunTime:0.000436s ]
ERR: 无法加载模块:Uploads

[ 2017-03-17T10:45:52+08:00 ] 127.0.0.1 /uploads/12/58c4cbde2e2e0.png
INFO: [ app_init ] --START--
INFO: Run Behavior\BuildLiteBehavior [ RunTime:0.000022s ]
INFO: [ app_init ] --END-- [ RunTime:0.000568s ]
ERR: 无法加载模块:Uploads

[ 2017-03-17T10:46:22+08:00 ] 127.0.0.1 /uploads/11/58c4cbde2e2e0.png
INFO: [ app_init ] --START--
INFO: Run Behavior\BuildLiteBehavior [ RunTime:0.000017s ]
INFO: [ app_init ] --END-- [ RunTime:0.000444s ]
ERR: 无法加载模块:Uploads

[ 2017-03-17T10:46:22+08:00 ] 127.0.0.1 /uploads/12/58c4cbde2e2e0.png
INFO: [ app_init ] --START--
INFO: Run Behavior\BuildLiteBehavior [ RunTime:0.000028s ]
INFO: [ app_init ] --END-- [ RunTime:0.000695s ]
ERR: 无法加载模块:Uploads

[ 2017-03-17T11:00:27+08:00 ] 127.0.0.1 /uploads/12/58c4cbde2e2e0.png
INFO: [ app_init ] --START--
INFO: Run Behavior\BuildLiteBehavior [ RunTime:0.000019s ]
INFO: [ app_init ] --END-- [ RunTime:0.000553s ]
ERR: 无法加载模块:Uploads

[ 2017-03-17T11:00:27+08:00 ] 127.0.0.1 /uploads/11/58c4cbde2e2e0.png
INFO: [ app_init ] --START--
INFO: Run Behavior\BuildLiteBehavior [ RunTime:0.000020s ]
INFO: [ app_init ] --END-- [ RunTime:0.000486s ]
ERR: 无法加载模块:Uploads

[ 2017-03-17T11:00:33+08:00 ] 127.0.0.1 /uploads/12/58c4cbde2e2e0.png
INFO: [ app_init ] --START--
INFO: Run Behavior\BuildLiteBehavior [ RunTime:0.000025s ]
INFO: [ app_init ] --END-- [ RunTime:0.000560s ]
ERR: 无法加载模块:Uploads

[ 2017-03-17T11:00:33+08:00 ] 127.0.0.1 /uploads/11/58c4cbde2e2e0.png
INFO: [ app_init ] --START--
INFO: Run Behavior\BuildLiteBehavior [ RunTime:0.000019s ]
INFO: [ app_init ] --END-- [ RunTime:0.000449s ]
ERR: 无法加载模块:Uploads

[ 2017-03-17T11:01:05+08:00 ] 127.0.0.1 /uploads/12/58c4cbde2e2e0.png
INFO: [ app_init ] --START--
INFO: Run Behavior\BuildLiteBehavior [ RunTime:0.000020s ]
INFO: [ app_init ] --END-- [ RunTime:0.000492s ]
ERR: 无法加载模块:Uploads

[ 2017-03-17T11:01:05+08:00 ] 127.0.0.1 /uploads/11/58c4cbde2e2e0.png
INFO: [ app_init ] --START--
INFO: Run Behavior\BuildLiteBehavior [ RunTime:0.000015s ]
INFO: [ app_init ] --END-- [ RunTime:0.000324s ]
ERR: 无法加载模块:Uploads

[ 2017-03-17T11:03:52+08:00 ] 127.0.0.1 /uploads/11/58c4cbde2e2e0.png
INFO: [ app_init ] --START--
INFO: Run Behavior\BuildLiteBehavior [ RunTime:0.000021s ]
INFO: [ app_init ] --END-- [ RunTime:0.000560s ]
ERR: 无法加载模块:Uploads

[ 2017-03-17T11:03:52+08:00 ] 127.0.0.1 /uploads/12/58c4cbde2e2e0.png
INFO: [ app_init ] --START--
INFO: Run Behavior\BuildLiteBehavior [ RunTime:0.000017s ]
INFO: [ app_init ] --END-- [ RunTime:0.000529s ]
ERR: 无法加载模块:Uploads

[ 2017-03-17T11:06:52+08:00 ] 127.0.0.1 /uploads/11/58c4cbde2e2e0.png
INFO: [ app_init ] --START--
INFO: Run Behavior\BuildLiteBehavior [ RunTime:0.000017s ]
INFO: [ app_init ] --END-- [ RunTime:0.000435s ]
ERR: 无法加载模块:Uploads

[ 2017-03-17T11:06:53+08:00 ] 127.0.0.1 /uploads/12/58c4cbde2e2e0.png
INFO: [ app_init ] --START--
INFO: Run Behavior\BuildLiteBehavior [ RunTime:0.000022s ]
INFO: [ app_init ] --END-- [ RunTime:0.000557s ]
ERR: 无法加载模块:Uploads

[ 2017-03-17T11:06:58+08:00 ] 127.0.0.1 /uploads/11/58c4cbde2e2e0.png
INFO: [ app_init ] --START--
INFO: Run Behavior\BuildLiteBehavior [ RunTime:0.000018s ]
INFO: [ app_init ] --END-- [ RunTime:0.000456s ]
ERR: 无法加载模块:Uploads

[ 2017-03-17T11:06:58+08:00 ] 127.0.0.1 /uploads/12/58c4cbde2e2e0.png
INFO: [ app_init ] --START--
INFO: Run Behavior\BuildLiteBehavior [ RunTime:0.000025s ]
INFO: [ app_init ] --END-- [ RunTime:0.000551s ]
ERR: 无法加载模块:Uploads

[ 2017-03-17T11:07:38+08:00 ] 127.0.0.1 /uploads/12/58c4cbde2e2e0.png
INFO: [ app_init ] --START--
INFO: Run Behavior\BuildLiteBehavior [ RunTime:0.000022s ]
INFO: [ app_init ] --END-- [ RunTime:0.000575s ]
ERR: 无法加载模块:Uploads

[ 2017-03-17T11:07:38+08:00 ] 127.0.0.1 /uploads/11/58c4cbde2e2e0.png
INFO: [ app_init ] --START--
INFO: Run Behavior\BuildLiteBehavior [ RunTime:0.000024s ]
INFO: [ app_init ] --END-- [ RunTime:0.000524s ]
ERR: 无法加载模块:Uploads

[ 2017-03-17T11:10:10+08:00 ] 127.0.0.1 /uploads/11/58c4cbde2e2e0.png
INFO: [ app_init ] --START--
INFO: Run Behavior\BuildLiteBehavior [ RunTime:0.000020s ]
INFO: [ app_init ] --END-- [ RunTime:0.000524s ]
ERR: 无法加载模块:Uploads

[ 2017-03-17T11:10:10+08:00 ] 127.0.0.1 /uploads/12/58c4cbde2e2e0.png
INFO: [ app_init ] --START--
INFO: Run Behavior\BuildLiteBehavior [ RunTime:0.000029s ]
INFO: [ app_init ] --END-- [ RunTime:0.000683s ]
ERR: 无法加载模块:Uploads

[ 2017-03-17T11:10:35+08:00 ] 127.0.0.1 /uploads/11/58c4cbde2e2e0.png
INFO: [ app_init ] --START--
INFO: Run Behavior\BuildLiteBehavior [ RunTime:0.000023s ]
INFO: [ app_init ] --END-- [ RunTime:0.000472s ]
ERR: 无法加载模块:Uploads

[ 2017-03-17T11:10:35+08:00 ] 127.0.0.1 /uploads/12/58c4cbde2e2e0.png
INFO: [ app_init ] --START--
INFO: Run Behavior\BuildLiteBehavior [ RunTime:0.000017s ]
INFO: [ app_init ] --END-- [ RunTime:0.000509s ]
ERR: 无法加载模块:Uploads

[ 2017-03-17T11:12:07+08:00 ] 127.0.0.1 /uploads/11/58c4cbde2e2e0.png
INFO: [ app_init ] --START--
INFO: Run Behavior\BuildLiteBehavior [ RunTime:0.000022s ]
INFO: [ app_init ] --END-- [ RunTime:0.000478s ]
ERR: 无法加载模块:Uploads

[ 2017-03-17T11:12:07+08:00 ] 127.0.0.1 /uploads/12/58c4cbde2e2e0.png
INFO: [ app_init ] --START--
INFO: Run Behavior\BuildLiteBehavior [ RunTime:0.000026s ]
INFO: [ app_init ] --END-- [ RunTime:0.000799s ]
ERR: 无法加载模块:Uploads

[ 2017-03-17T11:12:22+08:00 ] 127.0.0.1 /uploads/12/58c4cbde2e2e0.png
INFO: [ app_init ] --START--
INFO: Run Behavior\BuildLiteBehavior [ RunTime:0.000025s ]
INFO: [ app_init ] --END-- [ RunTime:0.003640s ]
ERR: 无法加载模块:Uploads

[ 2017-03-17T11:12:22+08:00 ] 127.0.0.1 /uploads/11/58c4cbde2e2e0.png
INFO: [ app_init ] --START--
INFO: Run Behavior\BuildLiteBehavior [ RunTime:0.000025s ]
INFO: [ app_init ] --END-- [ RunTime:0.000937s ]
ERR: 无法加载模块:Uploads

[ 2017-03-17T11:14:02+08:00 ] 127.0.0.1 /uploads/11/58c4cbde2e2e0.png
INFO: [ app_init ] --START--
INFO: Run Behavior\BuildLiteBehavior [ RunTime:0.000022s ]
INFO: [ app_init ] --END-- [ RunTime:0.000535s ]
ERR: 无法加载模块:Uploads

[ 2017-03-17T11:14:13+08:00 ] 127.0.0.1 /uploads/11/58c4cbde2e2e0.png
INFO: [ app_init ] --START--
INFO: Run Behavior\BuildLiteBehavior [ RunTime:0.000023s ]
INFO: [ app_init ] --END-- [ RunTime:0.000592s ]
ERR: 无法加载模块:Uploads

[ 2017-03-17T11:25:32+08:00 ] 127.0.0.1 /uploads/11/58c4cbde2e2e0.png
INFO: [ app_init ] --START--
INFO: Run Behavior\BuildLiteBehavior [ RunTime:0.000019s ]
INFO: [ app_init ] --END-- [ RunTime:0.000462s ]
ERR: 无法加载模块:Uploads

[ 2017-03-17T11:25:32+08:00 ] 127.0.0.1 /uploads/12/58c4cbde2e2e0.png
INFO: [ app_init ] --START--
INFO: Run Behavior\BuildLiteBehavior [ RunTime:0.000021s ]
INFO: [ app_init ] --END-- [ RunTime:0.000568s ]
ERR: 无法加载模块:Uploads

[ 2017-03-17T11:47:48+08:00 ] 127.0.0.1 /uploads/11/58c4cbde2e2e0.png
INFO: [ app_init ] --START--
INFO: Run Behavior\BuildLiteBehavior [ RunTime:0.000019s ]
INFO: [ app_init ] --END-- [ RunTime:0.000502s ]
ERR: 无法加载模块:Uploads

[ 2017-03-17T11:47:48+08:00 ] 127.0.0.1 /uploads/12/58c4cbde2e2e0.png
INFO: [ app_init ] --START--
INFO: Run Behavior\BuildLiteBehavior [ RunTime:0.000019s ]
INFO: [ app_init ] --END-- [ RunTime:0.000545s ]
ERR: 无法加载模块:Uploads

[ 2017-03-17T11:49:57+08:00 ] 127.0.0.1 /uploads/12/58c4cbde2e2e0.png
INFO: [ app_init ] --START--
INFO: Run Behavior\BuildLiteBehavior [ RunTime:0.000026s ]
INFO: [ app_init ] --END-- [ RunTime:0.000549s ]
ERR: 无法加载模块:Uploads

[ 2017-03-17T11:49:57+08:00 ] 127.0.0.1 /uploads/11/58c4cbde2e2e0.png
INFO: [ app_init ] --START--
INFO: Run Behavior\BuildLiteBehavior [ RunTime:0.000026s ]
INFO: [ app_init ] --END-- [ RunTime:0.001169s ]
ERR: 无法加载模块:Uploads

[ 2017-03-17T11:52:43+08:00 ] 127.0.0.1 /uploads/12/58c4cbde2e2e0.png
INFO: [ app_init ] --START--
INFO: Run Behavior\BuildLiteBehavior [ RunTime:0.000019s ]
INFO: [ app_init ] --END-- [ RunTime:0.000497s ]
ERR: 无法加载模块:Uploads

[ 2017-03-17T11:52:44+08:00 ] 127.0.0.1 /uploads/12/58c4cbde2e2e0.png
INFO: [ app_init ] --START--
INFO: Run Behavior\BuildLiteBehavior [ RunTime:0.000025s ]
INFO: [ app_init ] --END-- [ RunTime:0.000534s ]
ERR: 无法加载模块:Uploads

[ 2017-03-17T11:52:44+08:00 ] 127.0.0.1 /uploads/12/58c4cbde2e2e0.png
INFO: [ app_init ] --START--
INFO: Run Behavior\BuildLiteBehavior [ RunTime:0.000020s ]
INFO: [ app_init ] --END-- [ RunTime:0.000456s ]
ERR: 无法加载模块:Uploads

[ 2017-03-17T11:52:45+08:00 ] 127.0.0.1 /uploads/12/58c4cbde2e2e0.png
INFO: [ app_init ] --START--
INFO: Run Behavior\BuildLiteBehavior [ RunTime:0.000012s ]
INFO: [ app_init ] --END-- [ RunTime:0.000336s ]
ERR: 无法加载模块:Uploads

[ 2017-03-17T11:52:45+08:00 ] 127.0.0.1 /uploads/12/58c4cbde2e2e0.png
INFO: [ app_init ] --START--
INFO: Run Behavior\BuildLiteBehavior [ RunTime:0.000012s ]
INFO: [ app_init ] --END-- [ RunTime:0.000295s ]
ERR: 无法加载模块:Uploads

[ 2017-03-17T11:52:46+08:00 ] 127.0.0.1 /uploads/12/58c4cbde2e2e0.png
INFO: [ app_init ] --START--
INFO: Run Behavior\BuildLiteBehavior [ RunTime:0.000019s ]
INFO: [ app_init ] --END-- [ RunTime:0.000496s ]
ERR: 无法加载模块:Uploads

[ 2017-03-17T11:53:22+08:00 ] 127.0.0.1 /uploads/6/com/weibo/face/2017-03-12/58c4cbde2e2e0.png
INFO: [ app_init ] --START--
INFO: Run Behavior\BuildLiteBehavior [ RunTime:0.000018s ]
INFO: [ app_init ] --END-- [ RunTime:0.000470s ]
ERR: 无法加载模块:Uploads

[ 2017-03-17T11:53:23+08:00 ] 127.0.0.1 /uploads/6/com/weibo/face/2017-03-12/58c4cbde2e2e0.png
INFO: [ app_init ] --START--
INFO: Run Behavior\BuildLiteBehavior [ RunTime:0.000019s ]
INFO: [ app_init ] --END-- [ RunTime:0.000509s ]
ERR: 无法加载模块:Uploads

[ 2017-03-17T12:01:17+08:00 ] 127.0.0.1 /rjsdcctrl?mac%3d2c600c763544%26ipv4%3d3315605164%26ipv61%3d0%26ipv62%3d0%26ipv63%3d0%26ipv64%3d0%26product%3d33554432%26mainver%3d67108864%26subver%3d1660944384
INFO: [ app_init ] --START--
INFO: Run Behavior\BuildLiteBehavior [ RunTime:0.000021s ]
INFO: [ app_init ] --END-- [ RunTime:0.000617s ]
ERR: 无法加载模块:Rjsdcctrl

[ 2017-03-17T12:50:08+08:00 ] 127.0.0.1 /rjsdcctrl?mac%3d2c600c763544%26ipv4%3d3315605164%26ipv61%3d0%26ipv62%3d0%26ipv63%3d0%26ipv64%3d0%26product%3d33554432%26mainver%3d67108864%26subver%3d1660944384
INFO: [ app_init ] --START--
INFO: Run Behavior\BuildLiteBehavior [ RunTime:0.000022s ]
INFO: [ app_init ] --END-- [ RunTime:0.000605s ]
ERR: 无法加载模块:Rjsdcctrl

