[ 2017-04-12T10:03:50+08:00 ] 127.0.0.1 /favicon.ico
INFO: [ app_init ] --START--
INFO: Run Behavior\BuildLiteBehavior [ RunTime:0.000017s ]
INFO: [ app_init ] --END-- [ RunTime:0.000470s ]
ERR: 无法加载模块:Favicon

[ 2017-04-12T10:03:50+08:00 ] 127.0.0.1 /favicon.ico
INFO: [ app_init ] --START--
INFO: Run Behavior\BuildLiteBehavior [ RunTime:0.000018s ]
INFO: [ app_init ] --END-- [ RunTime:0.000470s ]
ERR: 无法加载模块:Favicon

[ 2017-04-12T14:07:33+08:00 ] 127.0.0.1 /rjsdcctrl?mac%3d2c600c763544%26ipv4%3d3315605164%26ipv61%3d0%26ipv62%3d0%26ipv63%3d0%26ipv64%3d0%26product%3d33554432%26mainver%3d67108864%26subver%3d1660944384
INFO: [ app_init ] --START--
INFO: Run Behavior\BuildLiteBehavior [ RunTime:0.000016s ]
INFO: [ app_init ] --END-- [ RunTime:0.000423s ]
ERR: 无法加载模块:Rjsdcctrl

[ 2017-04-12T14:08:25+08:00 ] 127.0.0.1 /favicon.ico
INFO: [ app_init ] --START--
INFO: Run Behavior\BuildLiteBehavior [ RunTime:0.000011s ]
INFO: [ app_init ] --END-- [ RunTime:0.000344s ]
ERR: 无法加载模块:Favicon

[ 2017-04-12T17:31:08+08:00 ] 192.168.191.4 /favicon.ico
INFO: [ app_init ] --START--
INFO: Run Behavior\BuildLiteBehavior [ RunTime:0.000042s ]
INFO: [ app_init ] --END-- [ RunTime:0.000974s ]
ERR: 无法加载模块:Favicon

[ 2017-04-12T17:51:58+08:00 ] 127.0.0.1 /rjsdcctrl?mac%3d2c600c763544%26ipv4%3d3315605164%26ipv61%3d0%26ipv62%3d0%26ipv63%3d0%26ipv64%3d0%26product%3d33554432%26mainver%3d67108864%26subver%3d1660944384
INFO: [ app_init ] --START--
INFO: Run Behavior\BuildLiteBehavior [ RunTime:0.000037s ]
INFO: [ app_init ] --END-- [ RunTime:0.001096s ]
ERR: 无法加载模块:Rjsdcctrl

