[ 2017-03-04T09:11:18+08:00 ] 127.0.0.1 /favicon.ico
INFO: [ app_init ] --START--
INFO: Run Behavior\BuildLiteBehavior [ RunTime:0.000012s ]
INFO: [ app_init ] --END-- [ RunTime:0.000318s ]
ERR: 无法加载模块:Favicon

[ 2017-03-04T09:11:41+08:00 ] 127.0.0.1 /Public/css/demo/images/unchecked.gif
INFO: [ app_init ] --START--
INFO: Run Behavior\BuildLiteBehavior [ RunTime:0.000018s ]
INFO: [ app_init ] --END-- [ RunTime:0.000497s ]
ERR: 无法加载模块:Public

[ 2017-03-04T13:00:31+08:00 ] 127.0.0.1 /rjsdcctrl?mac%3d2c600c763544%26ipv4%3d3315605164%26ipv61%3d0%26ipv62%3d0%26ipv63%3d0%26ipv64%3d0%26product%3d33554432%26mainver%3d67108864%26subver%3d1660944384
INFO: [ app_init ] --START--
INFO: Run Behavior\BuildLiteBehavior [ RunTime:0.000013s ]
INFO: [ app_init ] --END-- [ RunTime:0.000430s ]
ERR: 无法加载模块:Rjsdcctrl

[ 2017-03-04T13:02:21+08:00 ] 127.0.0.1 /favicon.ico
INFO: [ app_init ] --START--
INFO: Run Behavior\BuildLiteBehavior [ RunTime:0.000029s ]
INFO: [ app_init ] --END-- [ RunTime:0.000426s ]
ERR: 无法加载模块:Favicon

[ 2017-03-04T13:58:29+08:00 ] 127.0.0.1 /rjsdcctrl?mac%3d2c600c763544%26ipv4%3d3315605164%26ipv61%3d0%26ipv62%3d0%26ipv63%3d0%26ipv64%3d0%26product%3d33554432%26mainver%3d67108864%26subver%3d1660944384
INFO: [ app_init ] --START--
INFO: Run Behavior\BuildLiteBehavior [ RunTime:0.000035s ]
INFO: [ app_init ] --END-- [ RunTime:0.001947s ]
ERR: 无法加载模块:Rjsdcctrl

