[ 2017-04-13T17:18:24+08:00 ] 127.0.0.1 /index.php/Admin/Login/login.html
INFO: [ app_init ] --START--
INFO: Run Behavior\BuildLiteBehavior [ RunTime:0.000011s ]
INFO: [ app_init ] --END-- [ RunTime:0.000310s ]
INFO: [ app_begin ] --START--
INFO: Run Behavior\ReadHtmlCacheBehavior [ RunTime:0.000461s ]
INFO: [ app_begin ] --END-- [ RunTime:0.000509s ]
SQL: SHOW COLUMNS FROM `hd_user` [ RunTime:0.0030s ]
SQL: SELECT * FROM `hd_user` WHERE `account` = 'zscool' AND `password` = '21232f297a57a5a743894a0e4a801fc3' LIMIT 1   [ RunTime:0.0003s ]
INFO: [ view_parse ] --START--
INFO: [ template_filter ] --START--
INFO: Run Behavior\ContentReplaceBehavior [ RunTime:0.000038s ]
INFO: [ template_filter ] --END-- [ RunTime:0.000090s ]
INFO: Run Behavior\ParseTemplateBehavior [ RunTime:0.005965s ]
INFO: [ view_parse ] --END-- [ RunTime:0.006017s ]
INFO: [ view_filter ] --START--
INFO: Run Behavior\WriteHtmlCacheBehavior [ RunTime:0.000392s ]
INFO: [ view_filter ] --END-- [ RunTime:0.000437s ]

[ 2017-04-13T17:18:38+08:00 ] 127.0.0.1 /index.php/Admin/Login/login.html
INFO: [ app_init ] --START--
INFO: Run Behavior\BuildLiteBehavior [ RunTime:0.000011s ]
INFO: [ app_init ] --END-- [ RunTime:0.000303s ]
INFO: [ app_begin ] --START--
INFO: Run Behavior\ReadHtmlCacheBehavior [ RunTime:0.000461s ]
INFO: [ app_begin ] --END-- [ RunTime:0.000515s ]
SQL: SHOW COLUMNS FROM `hd_user` [ RunTime:0.0034s ]
SQL: SELECT * FROM `hd_user` WHERE `account` = 'zscool@qq.com' AND `password` = '9a58be392d16387f378c66db158fbb9c' LIMIT 1   [ RunTime:0.0003s ]

[ 2017-04-13T17:18:42+08:00 ] 127.0.0.1 /Admin/Index
INFO: [ app_init ] --START--
INFO: Run Behavior\BuildLiteBehavior [ RunTime:0.000012s ]
INFO: [ app_init ] --END-- [ RunTime:0.000321s ]
INFO: [ app_begin ] --START--
INFO: Run Behavior\ReadHtmlCacheBehavior [ RunTime:0.000429s ]
INFO: [ app_begin ] --END-- [ RunTime:0.000475s ]
SQL: SHOW COLUMNS FROM `hd_user` [ RunTime:0.0983s ]
SQL: SELECT `id`,`lock` FROM `hd_user` WHERE `account` = 'zscool@qq.com' LIMIT 1   [ RunTime:0.0005s ]
SQL: SHOW COLUMNS FROM `hd_follow` [ RunTime:0.0400s ]
SQL: SELECT `follow` FROM `hd_follow` WHERE `fans` = 20  [ RunTime:0.0007s ]
SQL: SHOW COLUMNS FROM `hd_weibo` [ RunTime:0.0598s ]
SQL: SHOW COLUMNS FROM `hd_userinfo` [ RunTime:0.0432s ]
SQL: SHOW COLUMNS FROM `hd_picture` [ RunTime:0.0442s ]
SQL: SELECT COUNT(*) AS tp_count FROM hd_weibo weibo LEFT JOIN hd_userinfo userinfo ON weibo.uid=userinfo.uid LEFT JOIN hd_picture picture ON weibo.id=picture.wid WHERE weibo.uid IN ('20','6') LIMIT 1   [ RunTime:0.0011s ]
SQL: SELECT weibo.id AS id,weibo.content AS content,weibo.isturn AS isturn,weibo.turn AS turn,weibo.time AS time,weibo.keep AS keep,weibo.comment AS comment,weibo.uid AS uid,userinfo.intro AS intro,userinfo.username AS username,userinfo.face50 AS face50,picture.mini AS mini,picture.wid AS wid FROM hd_weibo weibo LEFT JOIN hd_userinfo userinfo ON weibo.uid=userinfo.uid LEFT JOIN hd_picture picture ON weibo.id=picture.wid WHERE weibo.uid IN ('20','6') ORDER BY weibo.time desc LIMIT 0,10   [ RunTime:0.0015s ]
SQL: SELECT weibo.id AS id,weibo.content AS content,weibo.isturn AS isturn,weibo.turn AS turn,weibo.time AS time,weibo.keep AS keep,weibo.comment AS comment,weibo.uid AS uid,userinfo.intro AS intro,userinfo.username AS username,userinfo.face50 AS face50,picture.mini AS mini,picture.wid AS wid FROM hd_weibo weibo LEFT JOIN hd_userinfo userinfo ON weibo.uid=userinfo.uid LEFT JOIN hd_picture picture ON weibo.id=picture.wid WHERE weibo.id = '91' LIMIT 1   [ RunTime:0.0008s ]
SQL: SELECT weibo.id AS id,weibo.content AS content,weibo.isturn AS isturn,weibo.turn AS turn,weibo.time AS time,weibo.keep AS keep,weibo.comment AS comment,weibo.uid AS uid,userinfo.intro AS intro,userinfo.username AS username,userinfo.face50 AS face50,picture.mini AS mini,picture.wid AS wid FROM hd_weibo weibo LEFT JOIN hd_userinfo userinfo ON weibo.uid=userinfo.uid LEFT JOIN hd_picture picture ON weibo.id=picture.wid WHERE weibo.id = '87' LIMIT 1   [ RunTime:0.0008s ]
INFO: [ view_parse ] --START--
INFO: [ template_filter ] --START--
INFO: Run Behavior\ContentReplaceBehavior [ RunTime:0.000088s ]
INFO: [ template_filter ] --END-- [ RunTime:0.000192s ]
SQL: SELECT * FROM `hd_user` WHERE `id` = 20 LIMIT 1   [ RunTime:0.0006s ]
SQL: SHOW COLUMNS FROM `hd_group` [ RunTime:0.0355s ]
SQL: SELECT * FROM `hd_group` WHERE `uid` = 20  [ RunTime:0.0007s ]
SQL: SELECT * FROM `hd_userinfo` WHERE `uid` = 20 LIMIT 1   [ RunTime:0.0008s ]
INFO: Run Behavior\ParseTemplateBehavior [ RunTime:0.081087s ]
INFO: [ view_parse ] --END-- [ RunTime:0.081205s ]
INFO: [ view_filter ] --START--
INFO: Run Behavior\WriteHtmlCacheBehavior [ RunTime:0.000865s ]
INFO: [ view_filter ] --END-- [ RunTime:0.000952s ]
INFO: [ app_end ] --START--
INFO: Run Behavior\ShowPageTraceBehavior [ RunTime:0.002257s ]
INFO: [ app_end ] --END-- [ RunTime:0.002455s ]

[ 2017-04-13T17:18:43+08:00 ] 127.0.0.1 /Admin/
INFO: [ app_init ] --START--
INFO: Run Behavior\BuildLiteBehavior [ RunTime:0.000012s ]
INFO: [ app_init ] --END-- [ RunTime:0.000385s ]
INFO: [ app_begin ] --START--
INFO: Run Behavior\ReadHtmlCacheBehavior [ RunTime:0.000813s ]
INFO: [ app_begin ] --END-- [ RunTime:0.000880s ]
SQL: SHOW COLUMNS FROM `hd_user` [ RunTime:0.0136s ]
SQL: SELECT `id`,`lock` FROM `hd_user` WHERE `account` = 'zscool@qq.com' LIMIT 1   [ RunTime:0.0006s ]
SQL: SHOW COLUMNS FROM `hd_follow` [ RunTime:0.0027s ]
SQL: SELECT `follow` FROM `hd_follow` WHERE `fans` = 20  [ RunTime:0.0003s ]
SQL: SHOW COLUMNS FROM `hd_weibo` [ RunTime:0.0036s ]
SQL: SHOW COLUMNS FROM `hd_userinfo` [ RunTime:0.0029s ]
SQL: SHOW COLUMNS FROM `hd_picture` [ RunTime:0.0181s ]
SQL: SELECT COUNT(*) AS tp_count FROM hd_weibo weibo LEFT JOIN hd_userinfo userinfo ON weibo.uid=userinfo.uid LEFT JOIN hd_picture picture ON weibo.id=picture.wid WHERE weibo.uid IN ('20','6') LIMIT 1   [ RunTime:0.0006s ]
SQL: SELECT weibo.id AS id,weibo.content AS content,weibo.isturn AS isturn,weibo.turn AS turn,weibo.time AS time,weibo.keep AS keep,weibo.comment AS comment,weibo.uid AS uid,userinfo.intro AS intro,userinfo.username AS username,userinfo.face50 AS face50,picture.mini AS mini,picture.wid AS wid FROM hd_weibo weibo LEFT JOIN hd_userinfo userinfo ON weibo.uid=userinfo.uid LEFT JOIN hd_picture picture ON weibo.id=picture.wid WHERE weibo.uid IN ('20','6') ORDER BY weibo.time desc LIMIT 0,10   [ RunTime:0.0011s ]
SQL: SELECT weibo.id AS id,weibo.content AS content,weibo.isturn AS isturn,weibo.turn AS turn,weibo.time AS time,weibo.keep AS keep,weibo.comment AS comment,weibo.uid AS uid,userinfo.intro AS intro,userinfo.username AS username,userinfo.face50 AS face50,picture.mini AS mini,picture.wid AS wid FROM hd_weibo weibo LEFT JOIN hd_userinfo userinfo ON weibo.uid=userinfo.uid LEFT JOIN hd_picture picture ON weibo.id=picture.wid WHERE weibo.id = '91' LIMIT 1   [ RunTime:0.0006s ]
SQL: SELECT weibo.id AS id,weibo.content AS content,weibo.isturn AS isturn,weibo.turn AS turn,weibo.time AS time,weibo.keep AS keep,weibo.comment AS comment,weibo.uid AS uid,userinfo.intro AS intro,userinfo.username AS username,userinfo.face50 AS face50,picture.mini AS mini,picture.wid AS wid FROM hd_weibo weibo LEFT JOIN hd_userinfo userinfo ON weibo.uid=userinfo.uid LEFT JOIN hd_picture picture ON weibo.id=picture.wid WHERE weibo.id = '87' LIMIT 1   [ RunTime:0.0006s ]
INFO: [ view_parse ] --START--
INFO: [ template_filter ] --START--
INFO: Run Behavior\ContentReplaceBehavior [ RunTime:0.000065s ]
INFO: [ template_filter ] --END-- [ RunTime:0.000140s ]
SQL: SELECT * FROM `hd_user` WHERE `id` = 20 LIMIT 1   [ RunTime:0.0003s ]
SQL: SHOW COLUMNS FROM `hd_group` [ RunTime:0.0030s ]
SQL: SELECT * FROM `hd_group` WHERE `uid` = 20  [ RunTime:0.0003s ]
SQL: SELECT * FROM `hd_userinfo` WHERE `uid` = 20 LIMIT 1   [ RunTime:0.0004s ]
INFO: Run Behavior\ParseTemplateBehavior [ RunTime:0.026648s ]
INFO: [ view_parse ] --END-- [ RunTime:0.026716s ]
INFO: [ view_filter ] --START--
INFO: Run Behavior\WriteHtmlCacheBehavior [ RunTime:0.000461s ]
INFO: [ view_filter ] --END-- [ RunTime:0.000498s ]
INFO: [ app_end ] --START--
INFO: Run Behavior\ShowPageTraceBehavior [ RunTime:0.000877s ]
INFO: [ app_end ] --END-- [ RunTime:0.000954s ]

[ 2017-04-13T17:18:50+08:00 ] 127.0.0.1 /index.php/Admin/Index/turn_comment_ajax.html
INFO: [ app_init ] --START--
INFO: Run Behavior\BuildLiteBehavior [ RunTime:0.000014s ]
INFO: [ app_init ] --END-- [ RunTime:0.000416s ]
INFO: [ app_begin ] --START--
INFO: Run Behavior\ReadHtmlCacheBehavior [ RunTime:0.000631s ]
INFO: [ app_begin ] --END-- [ RunTime:0.000695s ]
SQL: SHOW COLUMNS FROM `hd_user` [ RunTime:0.2730s ]
SQL: SELECT `id`,`lock` FROM `hd_user` WHERE `account` = 'zscool@qq.com' LIMIT 1   [ RunTime:0.0005s ]
SQL: SHOW COLUMNS FROM `hd_comment` [ RunTime:0.0104s ]
SQL: SELECT COUNT(*) AS tp_count FROM `hd_comment` WHERE `wid` = 88 LIMIT 1   [ RunTime:0.0008s ]
SQL: SHOW COLUMNS FROM `hd_userinfo` [ RunTime:0.0082s ]
SQL: SELECT comment.id AS id,comment.content AS content,comment.time AS time,userinfo.face50 AS face,userinfo.username AS username,userinfo.uid AS uid FROM hd_comment comment LEFT JOIN hd_userinfo userinfo ON comment.uid=userinfo.uid WHERE `wid` = '88' ORDER BY comment.id desc LIMIT 0,4   [ RunTime:0.0006s ]
INFO: [ app_end ] --START--
INFO: Run Behavior\ShowPageTraceBehavior [ RunTime:0.000904s ]
INFO: [ app_end ] --END-- [ RunTime:0.000967s ]

[ 2017-04-13T17:18:54+08:00 ] 127.0.0.1 /index.php/Admin/Index/turn_comment_ajax.html
INFO: [ app_init ] --START--
INFO: Run Behavior\BuildLiteBehavior [ RunTime:0.000018s ]
INFO: [ app_init ] --END-- [ RunTime:0.000466s ]
INFO: [ app_begin ] --START--
INFO: Run Behavior\ReadHtmlCacheBehavior [ RunTime:0.000908s ]
INFO: [ app_begin ] --END-- [ RunTime:0.001010s ]
SQL: SHOW COLUMNS FROM `hd_user` [ RunTime:0.0050s ]
SQL: SELECT `id`,`lock` FROM `hd_user` WHERE `account` = 'zscool@qq.com' LIMIT 1   [ RunTime:0.0006s ]
SQL: SHOW COLUMNS FROM `hd_comment` [ RunTime:0.0031s ]
SQL: SELECT COUNT(*) AS tp_count FROM `hd_comment` WHERE `wid` = 88 LIMIT 1   [ RunTime:0.0003s ]
SQL: SHOW COLUMNS FROM `hd_userinfo` [ RunTime:0.0035s ]
SQL: SELECT comment.id AS id,comment.content AS content,comment.time AS time,userinfo.face50 AS face,userinfo.username AS username,userinfo.uid AS uid FROM hd_comment comment LEFT JOIN hd_userinfo userinfo ON comment.uid=userinfo.uid WHERE `wid` = '88' ORDER BY comment.id desc LIMIT 0,4   [ RunTime:0.0005s ]
INFO: [ app_end ] --START--
INFO: Run Behavior\ShowPageTraceBehavior [ RunTime:0.000847s ]
INFO: [ app_end ] --END-- [ RunTime:0.000914s ]

[ 2017-04-13T17:19:01+08:00 ] 127.0.0.1 /Admin/Index
INFO: [ app_init ] --START--
INFO: Run Behavior\BuildLiteBehavior [ RunTime:0.000016s ]
INFO: [ app_init ] --END-- [ RunTime:0.000464s ]
INFO: [ app_begin ] --START--
INFO: Run Behavior\ReadHtmlCacheBehavior [ RunTime:0.000392s ]
INFO: [ app_begin ] --END-- [ RunTime:0.000448s ]
SQL: SHOW COLUMNS FROM `hd_user` [ RunTime:0.0032s ]
SQL: SELECT `id`,`lock` FROM `hd_user` WHERE `account` = 'zscool@qq.com' LIMIT 1   [ RunTime:0.0003s ]
SQL: SHOW COLUMNS FROM `hd_follow` [ RunTime:0.0032s ]
SQL: SELECT `follow` FROM `hd_follow` WHERE `fans` = 20  [ RunTime:0.0003s ]
SQL: SHOW COLUMNS FROM `hd_weibo` [ RunTime:0.0041s ]
SQL: SHOW COLUMNS FROM `hd_userinfo` [ RunTime:0.0033s ]
SQL: SHOW COLUMNS FROM `hd_picture` [ RunTime:0.0031s ]
SQL: SELECT COUNT(*) AS tp_count FROM hd_weibo weibo LEFT JOIN hd_userinfo userinfo ON weibo.uid=userinfo.uid LEFT JOIN hd_picture picture ON weibo.id=picture.wid WHERE weibo.uid IN ('20','6') LIMIT 1   [ RunTime:0.0005s ]
SQL: SELECT weibo.id AS id,weibo.content AS content,weibo.isturn AS isturn,weibo.turn AS turn,weibo.time AS time,weibo.keep AS keep,weibo.comment AS comment,weibo.uid AS uid,userinfo.intro AS intro,userinfo.username AS username,userinfo.face50 AS face50,picture.mini AS mini,picture.wid AS wid FROM hd_weibo weibo LEFT JOIN hd_userinfo userinfo ON weibo.uid=userinfo.uid LEFT JOIN hd_picture picture ON weibo.id=picture.wid WHERE weibo.uid IN ('20','6') ORDER BY weibo.time desc LIMIT 0,10   [ RunTime:0.0008s ]
SQL: SELECT weibo.id AS id,weibo.content AS content,weibo.isturn AS isturn,weibo.turn AS turn,weibo.time AS time,weibo.keep AS keep,weibo.comment AS comment,weibo.uid AS uid,userinfo.intro AS intro,userinfo.username AS username,userinfo.face50 AS face50,picture.mini AS mini,picture.wid AS wid FROM hd_weibo weibo LEFT JOIN hd_userinfo userinfo ON weibo.uid=userinfo.uid LEFT JOIN hd_picture picture ON weibo.id=picture.wid WHERE weibo.id = '91' LIMIT 1   [ RunTime:0.0004s ]
SQL: SELECT weibo.id AS id,weibo.content AS content,weibo.isturn AS isturn,weibo.turn AS turn,weibo.time AS time,weibo.keep AS keep,weibo.comment AS comment,weibo.uid AS uid,userinfo.intro AS intro,userinfo.username AS username,userinfo.face50 AS face50,picture.mini AS mini,picture.wid AS wid FROM hd_weibo weibo LEFT JOIN hd_userinfo userinfo ON weibo.uid=userinfo.uid LEFT JOIN hd_picture picture ON weibo.id=picture.wid WHERE weibo.id = '87' LIMIT 1   [ RunTime:0.0004s ]
INFO: [ view_parse ] --START--
INFO: [ template_filter ] --START--
INFO: Run Behavior\ContentReplaceBehavior [ RunTime:0.000070s ]
INFO: [ template_filter ] --END-- [ RunTime:0.000215s ]
SQL: SELECT * FROM `hd_user` WHERE `id` = 20 LIMIT 1   [ RunTime:0.0004s ]
SQL: SHOW COLUMNS FROM `hd_group` [ RunTime:0.0031s ]
SQL: SELECT * FROM `hd_group` WHERE `uid` = 20  [ RunTime:0.0003s ]
SQL: SELECT * FROM `hd_userinfo` WHERE `uid` = 20 LIMIT 1   [ RunTime:0.0006s ]
INFO: Run Behavior\ParseTemplateBehavior [ RunTime:0.018206s ]
INFO: [ view_parse ] --END-- [ RunTime:0.018279s ]
INFO: [ view_filter ] --START--
INFO: Run Behavior\WriteHtmlCacheBehavior [ RunTime:0.000571s ]
INFO: [ view_filter ] --END-- [ RunTime:0.000627s ]
INFO: [ app_end ] --START--
INFO: Run Behavior\ShowPageTraceBehavior [ RunTime:0.000802s ]
INFO: [ app_end ] --END-- [ RunTime:0.000896s ]

[ 2017-04-13T17:19:02+08:00 ] 127.0.0.1 /Admin/
INFO: [ app_init ] --START--
INFO: Run Behavior\BuildLiteBehavior [ RunTime:0.000013s ]
INFO: [ app_init ] --END-- [ RunTime:0.000346s ]
INFO: [ app_begin ] --START--
INFO: Run Behavior\ReadHtmlCacheBehavior [ RunTime:0.000410s ]
INFO: [ app_begin ] --END-- [ RunTime:0.000460s ]
SQL: SHOW COLUMNS FROM `hd_user` [ RunTime:0.0036s ]
SQL: SELECT `id`,`lock` FROM `hd_user` WHERE `account` = 'zscool@qq.com' LIMIT 1   [ RunTime:0.0003s ]
SQL: SHOW COLUMNS FROM `hd_follow` [ RunTime:0.0037s ]
SQL: SELECT `follow` FROM `hd_follow` WHERE `fans` = 20  [ RunTime:0.0003s ]
SQL: SHOW COLUMNS FROM `hd_weibo` [ RunTime:0.0036s ]
SQL: SHOW COLUMNS FROM `hd_userinfo` [ RunTime:0.0032s ]
SQL: SHOW COLUMNS FROM `hd_picture` [ RunTime:0.0030s ]
SQL: SELECT COUNT(*) AS tp_count FROM hd_weibo weibo LEFT JOIN hd_userinfo userinfo ON weibo.uid=userinfo.uid LEFT JOIN hd_picture picture ON weibo.id=picture.wid WHERE weibo.uid IN ('20','6') LIMIT 1   [ RunTime:0.0006s ]
SQL: SELECT weibo.id AS id,weibo.content AS content,weibo.isturn AS isturn,weibo.turn AS turn,weibo.time AS time,weibo.keep AS keep,weibo.comment AS comment,weibo.uid AS uid,userinfo.intro AS intro,userinfo.username AS username,userinfo.face50 AS face50,picture.mini AS mini,picture.wid AS wid FROM hd_weibo weibo LEFT JOIN hd_userinfo userinfo ON weibo.uid=userinfo.uid LEFT JOIN hd_picture picture ON weibo.id=picture.wid WHERE weibo.uid IN ('20','6') ORDER BY weibo.time desc LIMIT 0,10   [ RunTime:0.0008s ]
SQL: SELECT weibo.id AS id,weibo.content AS content,weibo.isturn AS isturn,weibo.turn AS turn,weibo.time AS time,weibo.keep AS keep,weibo.comment AS comment,weibo.uid AS uid,userinfo.intro AS intro,userinfo.username AS username,userinfo.face50 AS face50,picture.mini AS mini,picture.wid AS wid FROM hd_weibo weibo LEFT JOIN hd_userinfo userinfo ON weibo.uid=userinfo.uid LEFT JOIN hd_picture picture ON weibo.id=picture.wid WHERE weibo.id = '91' LIMIT 1   [ RunTime:0.0005s ]
SQL: SELECT weibo.id AS id,weibo.content AS content,weibo.isturn AS isturn,weibo.turn AS turn,weibo.time AS time,weibo.keep AS keep,weibo.comment AS comment,weibo.uid AS uid,userinfo.intro AS intro,userinfo.username AS username,userinfo.face50 AS face50,picture.mini AS mini,picture.wid AS wid FROM hd_weibo weibo LEFT JOIN hd_userinfo userinfo ON weibo.uid=userinfo.uid LEFT JOIN hd_picture picture ON weibo.id=picture.wid WHERE weibo.id = '87' LIMIT 1   [ RunTime:0.0004s ]
INFO: [ view_parse ] --START--
INFO: [ template_filter ] --START--
INFO: Run Behavior\ContentReplaceBehavior [ RunTime:0.000049s ]
INFO: [ template_filter ] --END-- [ RunTime:0.000114s ]
SQL: SELECT * FROM `hd_user` WHERE `id` = 20 LIMIT 1   [ RunTime:0.0003s ]
SQL: SHOW COLUMNS FROM `hd_group` [ RunTime:0.0034s ]
SQL: SELECT * FROM `hd_group` WHERE `uid` = 20  [ RunTime:0.0004s ]
SQL: SELECT * FROM `hd_userinfo` WHERE `uid` = 20 LIMIT 1   [ RunTime:0.0004s ]
INFO: Run Behavior\ParseTemplateBehavior [ RunTime:0.028810s ]
INFO: [ view_parse ] --END-- [ RunTime:0.028878s ]
INFO: [ view_filter ] --START--
INFO: Run Behavior\WriteHtmlCacheBehavior [ RunTime:0.000566s ]
INFO: [ view_filter ] --END-- [ RunTime:0.000627s ]
INFO: [ app_end ] --START--
INFO: Run Behavior\ShowPageTraceBehavior [ RunTime:0.000962s ]
INFO: [ app_end ] --END-- [ RunTime:0.001052s ]

[ 2017-04-13T17:19:48+08:00 ] 127.0.0.1 /index.php/Admin/System/Index.html
INFO: [ app_init ] --START--
INFO: Run Behavior\BuildLiteBehavior [ RunTime:0.000012s ]
INFO: [ app_init ] --END-- [ RunTime:0.000320s ]
INFO: [ app_begin ] --START--
INFO: Run Behavior\ReadHtmlCacheBehavior [ RunTime:0.000407s ]
INFO: [ app_begin ] --END-- [ RunTime:0.000474s ]
SQL: SHOW COLUMNS FROM `hd_user` [ RunTime:0.0036s ]
SQL: SELECT `id`,`lock` FROM `hd_user` WHERE `account` = 'zscool@qq.com' LIMIT 1   [ RunTime:0.0003s ]
SQL: SHOW COLUMNS FROM `hd_userinfo` [ RunTime:0.0038s ]
SQL: SELECT `username`,`truename`,`sex`,`location`,`constellation`,`intro`,`face180`,`face50`,`face80` FROM `hd_userinfo` WHERE `uid` = 20 LIMIT 1   [ RunTime:0.0003s ]
INFO: [ view_parse ] --START--
INFO: [ template_filter ] --START--
INFO: Run Behavior\ContentReplaceBehavior [ RunTime:0.000040s ]
INFO: [ template_filter ] --END-- [ RunTime:0.000083s ]
SQL: SELECT * FROM `hd_user` WHERE `id` = 20 LIMIT 1   [ RunTime:0.0004s ]
SQL: SHOW COLUMNS FROM `hd_group` [ RunTime:0.0033s ]
SQL: SELECT * FROM `hd_group` WHERE `uid` = 20  [ RunTime:0.0003s ]
INFO: Run Behavior\ParseTemplateBehavior [ RunTime:0.011477s ]
INFO: [ view_parse ] --END-- [ RunTime:0.011532s ]
INFO: [ view_filter ] --START--
INFO: Run Behavior\WriteHtmlCacheBehavior [ RunTime:0.000385s ]
INFO: [ view_filter ] --END-- [ RunTime:0.000421s ]
INFO: [ app_end ] --START--
INFO: Run Behavior\ShowPageTraceBehavior [ RunTime:0.000732s ]
INFO: [ app_end ] --END-- [ RunTime:0.000793s ]

[ 2017-04-13T17:19:51+08:00 ] 127.0.0.1 /index.php/Admin/System/
INFO: [ app_init ] --START--
INFO: Run Behavior\BuildLiteBehavior [ RunTime:0.000011s ]
INFO: [ app_init ] --END-- [ RunTime:0.000353s ]
INFO: [ app_begin ] --START--
INFO: Run Behavior\ReadHtmlCacheBehavior [ RunTime:0.000594s ]
INFO: [ app_begin ] --END-- [ RunTime:0.000642s ]
SQL: SHOW COLUMNS FROM `hd_user` [ RunTime:0.0032s ]
SQL: SELECT `id`,`lock` FROM `hd_user` WHERE `account` = 'zscool@qq.com' LIMIT 1   [ RunTime:0.0003s ]
SQL: SHOW COLUMNS FROM `hd_userinfo` [ RunTime:0.0034s ]
SQL: SELECT `username`,`truename`,`sex`,`location`,`constellation`,`intro`,`face180`,`face50`,`face80` FROM `hd_userinfo` WHERE `uid` = 20 LIMIT 1   [ RunTime:0.0004s ]
INFO: [ view_parse ] --START--
INFO: [ template_filter ] --START--
INFO: Run Behavior\ContentReplaceBehavior [ RunTime:0.000066s ]
INFO: [ template_filter ] --END-- [ RunTime:0.000145s ]
SQL: SELECT * FROM `hd_user` WHERE `id` = 20 LIMIT 1   [ RunTime:0.0006s ]
SQL: SHOW COLUMNS FROM `hd_group` [ RunTime:0.0033s ]
SQL: SELECT * FROM `hd_group` WHERE `uid` = 20  [ RunTime:0.0003s ]
INFO: Run Behavior\ParseTemplateBehavior [ RunTime:0.016200s ]
INFO: [ view_parse ] --END-- [ RunTime:0.016268s ]
INFO: [ view_filter ] --START--
INFO: Run Behavior\WriteHtmlCacheBehavior [ RunTime:0.000473s ]
INFO: [ view_filter ] --END-- [ RunTime:0.000535s ]
INFO: [ app_end ] --START--
INFO: Run Behavior\ShowPageTraceBehavior [ RunTime:0.000891s ]
INFO: [ app_end ] --END-- [ RunTime:0.000947s ]

[ 2017-04-13T17:19:52+08:00 ] 127.0.0.1 /index.php/Admin/System/
INFO: [ app_init ] --START--
INFO: Run Behavior\BuildLiteBehavior [ RunTime:0.000011s ]
INFO: [ app_init ] --END-- [ RunTime:0.000306s ]
INFO: [ app_begin ] --START--
INFO: Run Behavior\ReadHtmlCacheBehavior [ RunTime:0.000548s ]
INFO: [ app_begin ] --END-- [ RunTime:0.000597s ]
SQL: SHOW COLUMNS FROM `hd_user` [ RunTime:0.0035s ]
SQL: SELECT `id`,`lock` FROM `hd_user` WHERE `account` = 'zscool@qq.com' LIMIT 1   [ RunTime:0.0003s ]
SQL: SHOW COLUMNS FROM `hd_userinfo` [ RunTime:0.0035s ]
SQL: SELECT `username`,`truename`,`sex`,`location`,`constellation`,`intro`,`face180`,`face50`,`face80` FROM `hd_userinfo` WHERE `uid` = 20 LIMIT 1   [ RunTime:0.0004s ]
INFO: [ view_parse ] --START--
INFO: [ template_filter ] --START--
INFO: Run Behavior\ContentReplaceBehavior [ RunTime:0.000044s ]
INFO: [ template_filter ] --END-- [ RunTime:0.000100s ]
SQL: SELECT * FROM `hd_user` WHERE `id` = 20 LIMIT 1   [ RunTime:0.0003s ]
SQL: SHOW COLUMNS FROM `hd_group` [ RunTime:0.0035s ]
SQL: SELECT * FROM `hd_group` WHERE `uid` = 20  [ RunTime:0.0003s ]
INFO: Run Behavior\ParseTemplateBehavior [ RunTime:0.016301s ]
INFO: [ view_parse ] --END-- [ RunTime:0.016360s ]
INFO: [ view_filter ] --START--
INFO: Run Behavior\WriteHtmlCacheBehavior [ RunTime:0.000530s ]
INFO: [ view_filter ] --END-- [ RunTime:0.000583s ]
INFO: [ app_end ] --START--
INFO: Run Behavior\ShowPageTraceBehavior [ RunTime:0.001101s ]
INFO: [ app_end ] --END-- [ RunTime:0.001219s ]

[ 2017-04-13T17:19:54+08:00 ] 127.0.0.1 /index.php/Admin/System/
INFO: [ app_init ] --START--
INFO: Run Behavior\BuildLiteBehavior [ RunTime:0.000013s ]
INFO: [ app_init ] --END-- [ RunTime:0.000358s ]
INFO: [ app_begin ] --START--
INFO: Run Behavior\ReadHtmlCacheBehavior [ RunTime:0.000612s ]
INFO: [ app_begin ] --END-- [ RunTime:0.000683s ]
SQL: SHOW COLUMNS FROM `hd_user` [ RunTime:0.0034s ]
SQL: SELECT `id`,`lock` FROM `hd_user` WHERE `account` = 'zscool@qq.com' LIMIT 1   [ RunTime:0.0003s ]
SQL: SHOW COLUMNS FROM `hd_userinfo` [ RunTime:0.0051s ]
SQL: SELECT `username`,`truename`,`sex`,`location`,`constellation`,`intro`,`face180`,`face50`,`face80` FROM `hd_userinfo` WHERE `uid` = 20 LIMIT 1   [ RunTime:0.0003s ]
INFO: [ view_parse ] --START--
INFO: [ template_filter ] --START--
INFO: Run Behavior\ContentReplaceBehavior [ RunTime:0.000043s ]
INFO: [ template_filter ] --END-- [ RunTime:0.000096s ]
SQL: SELECT * FROM `hd_user` WHERE `id` = 20 LIMIT 1   [ RunTime:0.0003s ]
SQL: SHOW COLUMNS FROM `hd_group` [ RunTime:0.0059s ]
SQL: SELECT * FROM `hd_group` WHERE `uid` = 20  [ RunTime:0.0003s ]
INFO: Run Behavior\ParseTemplateBehavior [ RunTime:0.017417s ]
INFO: [ view_parse ] --END-- [ RunTime:0.017492s ]
INFO: [ view_filter ] --START--
INFO: Run Behavior\WriteHtmlCacheBehavior [ RunTime:0.000521s ]
INFO: [ view_filter ] --END-- [ RunTime:0.000576s ]
INFO: [ app_end ] --START--
INFO: Run Behavior\ShowPageTraceBehavior [ RunTime:0.001020s ]
INFO: [ app_end ] --END-- [ RunTime:0.001112s ]

[ 2017-04-13T17:19:55+08:00 ] 127.0.0.1 /index.php/Admin/System/
INFO: [ app_init ] --START--
INFO: Run Behavior\BuildLiteBehavior [ RunTime:0.000014s ]
INFO: [ app_init ] --END-- [ RunTime:0.000504s ]
INFO: [ app_begin ] --START--
INFO: Run Behavior\ReadHtmlCacheBehavior [ RunTime:0.000600s ]
INFO: [ app_begin ] --END-- [ RunTime:0.000649s ]
SQL: SHOW COLUMNS FROM `hd_user` [ RunTime:0.0033s ]
SQL: SELECT `id`,`lock` FROM `hd_user` WHERE `account` = 'zscool@qq.com' LIMIT 1   [ RunTime:0.0003s ]
SQL: SHOW COLUMNS FROM `hd_userinfo` [ RunTime:0.0038s ]
SQL: SELECT `username`,`truename`,`sex`,`location`,`constellation`,`intro`,`face180`,`face50`,`face80` FROM `hd_userinfo` WHERE `uid` = 20 LIMIT 1   [ RunTime:0.0003s ]
INFO: [ view_parse ] --START--
INFO: [ template_filter ] --START--
INFO: Run Behavior\ContentReplaceBehavior [ RunTime:0.000038s ]
INFO: [ template_filter ] --END-- [ RunTime:0.000086s ]
SQL: SELECT * FROM `hd_user` WHERE `id` = 20 LIMIT 1   [ RunTime:0.0004s ]
SQL: SHOW COLUMNS FROM `hd_group` [ RunTime:0.0078s ]
SQL: SELECT * FROM `hd_group` WHERE `uid` = 20  [ RunTime:0.0003s ]
INFO: Run Behavior\ParseTemplateBehavior [ RunTime:0.017102s ]
INFO: [ view_parse ] --END-- [ RunTime:0.017155s ]
INFO: [ view_filter ] --START--
INFO: Run Behavior\WriteHtmlCacheBehavior [ RunTime:0.000410s ]
INFO: [ view_filter ] --END-- [ RunTime:0.000448s ]
INFO: [ app_end ] --START--
INFO: Run Behavior\ShowPageTraceBehavior [ RunTime:0.001111s ]
INFO: [ app_end ] --END-- [ RunTime:0.001188s ]

[ 2017-04-13T18:37:48+08:00 ] 127.0.0.1 /index.php/Admin/Login/login.html
INFO: [ app_init ] --START--
INFO: Run Behavior\BuildLiteBehavior [ RunTime:0.000016s ]
INFO: [ app_init ] --END-- [ RunTime:0.000588s ]
INFO: [ app_begin ] --START--
INFO: Run Behavior\ReadHtmlCacheBehavior [ RunTime:0.000616s ]
INFO: [ app_begin ] --END-- [ RunTime:0.000667s ]
SQL: SHOW COLUMNS FROM `hd_user` [ RunTime:0.0035s ]
SQL: SELECT * FROM `hd_user` WHERE `account` = 'zscool@qq.com' AND `password` = '9a58be392d16387f378c66db158fbb9c' LIMIT 1   [ RunTime:0.0005s ]

[ 2017-04-13T18:37:51+08:00 ] 127.0.0.1 /Admin/Index
INFO: [ app_init ] --START--
INFO: Run Behavior\BuildLiteBehavior [ RunTime:0.000021s ]
INFO: [ app_init ] --END-- [ RunTime:0.000583s ]
INFO: [ app_begin ] --START--
INFO: Run Behavior\ReadHtmlCacheBehavior [ RunTime:0.001234s ]
INFO: [ app_begin ] --END-- [ RunTime:0.001373s ]
SQL: SHOW COLUMNS FROM `hd_user` [ RunTime:0.0076s ]
SQL: SELECT `id`,`lock` FROM `hd_user` WHERE `account` = 'zscool@qq.com' LIMIT 1   [ RunTime:0.0003s ]
SQL: SHOW COLUMNS FROM `hd_follow` [ RunTime:0.0441s ]
SQL: SELECT `follow` FROM `hd_follow` WHERE `fans` = 20  [ RunTime:0.0003s ]
SQL: SHOW COLUMNS FROM `hd_weibo` [ RunTime:0.0547s ]
SQL: SHOW COLUMNS FROM `hd_userinfo` [ RunTime:0.0524s ]
SQL: SHOW COLUMNS FROM `hd_picture` [ RunTime:0.0487s ]
SQL: SELECT COUNT(*) AS tp_count FROM hd_weibo weibo LEFT JOIN hd_userinfo userinfo ON weibo.uid=userinfo.uid LEFT JOIN hd_picture picture ON weibo.id=picture.wid WHERE weibo.uid IN ('20','6') LIMIT 1   [ RunTime:0.0012s ]
SQL: SELECT weibo.id AS id,weibo.content AS content,weibo.isturn AS isturn,weibo.turn AS turn,weibo.time AS time,weibo.keep AS keep,weibo.comment AS comment,weibo.uid AS uid,userinfo.intro AS intro,userinfo.username AS username,userinfo.face50 AS face50,picture.mini AS mini,picture.wid AS wid FROM hd_weibo weibo LEFT JOIN hd_userinfo userinfo ON weibo.uid=userinfo.uid LEFT JOIN hd_picture picture ON weibo.id=picture.wid WHERE weibo.uid IN ('20','6') ORDER BY weibo.time desc LIMIT 0,10   [ RunTime:0.0018s ]
SQL: SELECT weibo.id AS id,weibo.content AS content,weibo.isturn AS isturn,weibo.turn AS turn,weibo.time AS time,weibo.keep AS keep,weibo.comment AS comment,weibo.uid AS uid,userinfo.intro AS intro,userinfo.username AS username,userinfo.face50 AS face50,picture.mini AS mini,picture.wid AS wid FROM hd_weibo weibo LEFT JOIN hd_userinfo userinfo ON weibo.uid=userinfo.uid LEFT JOIN hd_picture picture ON weibo.id=picture.wid WHERE weibo.id = '91' LIMIT 1   [ RunTime:0.0009s ]
SQL: SELECT weibo.id AS id,weibo.content AS content,weibo.isturn AS isturn,weibo.turn AS turn,weibo.time AS time,weibo.keep AS keep,weibo.comment AS comment,weibo.uid AS uid,userinfo.intro AS intro,userinfo.username AS username,userinfo.face50 AS face50,picture.mini AS mini,picture.wid AS wid FROM hd_weibo weibo LEFT JOIN hd_userinfo userinfo ON weibo.uid=userinfo.uid LEFT JOIN hd_picture picture ON weibo.id=picture.wid WHERE weibo.id = '87' LIMIT 1   [ RunTime:0.0011s ]
INFO: [ view_parse ] --START--
INFO: [ template_filter ] --START--
INFO: Run Behavior\ContentReplaceBehavior [ RunTime:0.000101s ]
INFO: [ template_filter ] --END-- [ RunTime:0.000271s ]
SQL: SELECT * FROM `hd_user` WHERE `id` = 20 LIMIT 1   [ RunTime:0.0005s ]
SQL: SHOW COLUMNS FROM `hd_group` [ RunTime:0.0280s ]
SQL: SELECT * FROM `hd_group` WHERE `uid` = 20  [ RunTime:0.0006s ]
SQL: SELECT * FROM `hd_userinfo` WHERE `uid` = 20 LIMIT 1   [ RunTime:0.0006s ]
INFO: Run Behavior\ParseTemplateBehavior [ RunTime:0.069249s ]
INFO: [ view_parse ] --END-- [ RunTime:0.069408s ]
INFO: [ view_filter ] --START--
INFO: Run Behavior\WriteHtmlCacheBehavior [ RunTime:0.001004s ]
INFO: [ view_filter ] --END-- [ RunTime:0.001104s ]
INFO: [ app_end ] --START--
INFO: Run Behavior\ShowPageTraceBehavior [ RunTime:0.001150s ]
INFO: [ app_end ] --END-- [ RunTime:0.001236s ]

[ 2017-04-13T18:37:52+08:00 ] 127.0.0.1 /Admin/
INFO: [ app_init ] --START--
INFO: Run Behavior\BuildLiteBehavior [ RunTime:0.000013s ]
INFO: [ app_init ] --END-- [ RunTime:0.000374s ]
INFO: [ app_begin ] --START--
INFO: Run Behavior\ReadHtmlCacheBehavior [ RunTime:0.000960s ]
INFO: [ app_begin ] --END-- [ RunTime:0.001055s ]
SQL: SHOW COLUMNS FROM `hd_user` [ RunTime:0.0305s ]
SQL: SELECT `id`,`lock` FROM `hd_user` WHERE `account` = 'zscool@qq.com' LIMIT 1   [ RunTime:0.0003s ]
SQL: SHOW COLUMNS FROM `hd_follow` [ RunTime:0.0035s ]
SQL: SELECT `follow` FROM `hd_follow` WHERE `fans` = 20  [ RunTime:0.0003s ]
SQL: SHOW COLUMNS FROM `hd_weibo` [ RunTime:0.0031s ]
SQL: SHOW COLUMNS FROM `hd_userinfo` [ RunTime:0.0032s ]
SQL: SHOW COLUMNS FROM `hd_picture` [ RunTime:0.0030s ]
SQL: SELECT COUNT(*) AS tp_count FROM hd_weibo weibo LEFT JOIN hd_userinfo userinfo ON weibo.uid=userinfo.uid LEFT JOIN hd_picture picture ON weibo.id=picture.wid WHERE weibo.uid IN ('20','6') LIMIT 1   [ RunTime:0.0005s ]
SQL: SELECT weibo.id AS id,weibo.content AS content,weibo.isturn AS isturn,weibo.turn AS turn,weibo.time AS time,weibo.keep AS keep,weibo.comment AS comment,weibo.uid AS uid,userinfo.intro AS intro,userinfo.username AS username,userinfo.face50 AS face50,picture.mini AS mini,picture.wid AS wid FROM hd_weibo weibo LEFT JOIN hd_userinfo userinfo ON weibo.uid=userinfo.uid LEFT JOIN hd_picture picture ON weibo.id=picture.wid WHERE weibo.uid IN ('20','6') ORDER BY weibo.time desc LIMIT 0,10   [ RunTime:0.0008s ]
SQL: SELECT weibo.id AS id,weibo.content AS content,weibo.isturn AS isturn,weibo.turn AS turn,weibo.time AS time,weibo.keep AS keep,weibo.comment AS comment,weibo.uid AS uid,userinfo.intro AS intro,userinfo.username AS username,userinfo.face50 AS face50,picture.mini AS mini,picture.wid AS wid FROM hd_weibo weibo LEFT JOIN hd_userinfo userinfo ON weibo.uid=userinfo.uid LEFT JOIN hd_picture picture ON weibo.id=picture.wid WHERE weibo.id = '91' LIMIT 1   [ RunTime:0.0008s ]
SQL: SELECT weibo.id AS id,weibo.content AS content,weibo.isturn AS isturn,weibo.turn AS turn,weibo.time AS time,weibo.keep AS keep,weibo.comment AS comment,weibo.uid AS uid,userinfo.intro AS intro,userinfo.username AS username,userinfo.face50 AS face50,picture.mini AS mini,picture.wid AS wid FROM hd_weibo weibo LEFT JOIN hd_userinfo userinfo ON weibo.uid=userinfo.uid LEFT JOIN hd_picture picture ON weibo.id=picture.wid WHERE weibo.id = '87' LIMIT 1   [ RunTime:0.0005s ]
INFO: [ view_parse ] --START--
INFO: [ template_filter ] --START--
INFO: Run Behavior\ContentReplaceBehavior [ RunTime:0.000038s ]
INFO: [ template_filter ] --END-- [ RunTime:0.000086s ]
SQL: SELECT * FROM `hd_user` WHERE `id` = 20 LIMIT 1   [ RunTime:0.0004s ]
SQL: SHOW COLUMNS FROM `hd_group` [ RunTime:0.0033s ]
SQL: SELECT * FROM `hd_group` WHERE `uid` = 20  [ RunTime:0.0003s ]
SQL: SELECT * FROM `hd_userinfo` WHERE `uid` = 20 LIMIT 1   [ RunTime:0.0004s ]
INFO: Run Behavior\ParseTemplateBehavior [ RunTime:0.022335s ]
INFO: [ view_parse ] --END-- [ RunTime:0.022386s ]
INFO: [ view_filter ] --START--
INFO: Run Behavior\WriteHtmlCacheBehavior [ RunTime:0.000449s ]
INFO: [ view_filter ] --END-- [ RunTime:0.000491s ]
INFO: [ app_end ] --START--
INFO: Run Behavior\ShowPageTraceBehavior [ RunTime:0.000838s ]
INFO: [ app_end ] --END-- [ RunTime:0.000966s ]

[ 2017-04-13T18:39:34+08:00 ] 127.0.0.1 /Admin/Index
INFO: [ app_init ] --START--
INFO: Run Behavior\BuildLiteBehavior [ RunTime:0.000011s ]
INFO: [ app_init ] --END-- [ RunTime:0.000304s ]
INFO: [ app_begin ] --START--
INFO: Run Behavior\ReadHtmlCacheBehavior [ RunTime:0.000660s ]
INFO: [ app_begin ] --END-- [ RunTime:0.000726s ]
SQL: SHOW COLUMNS FROM `hd_user` [ RunTime:0.0031s ]
SQL: SELECT `id`,`lock` FROM `hd_user` WHERE `account` = 'zscool@qq.com' LIMIT 1   [ RunTime:0.0004s ]
SQL: SHOW COLUMNS FROM `hd_follow` [ RunTime:0.0036s ]
SQL: SELECT `follow` FROM `hd_follow` WHERE `fans` = 20  [ RunTime:0.0004s ]
SQL: SHOW COLUMNS FROM `hd_weibo` [ RunTime:0.0035s ]
SQL: SHOW COLUMNS FROM `hd_userinfo` [ RunTime:0.0034s ]
SQL: SHOW COLUMNS FROM `hd_picture` [ RunTime:0.0044s ]
SQL: SELECT COUNT(*) AS tp_count FROM hd_weibo weibo LEFT JOIN hd_userinfo userinfo ON weibo.uid=userinfo.uid LEFT JOIN hd_picture picture ON weibo.id=picture.wid WHERE weibo.uid IN ('20','6') LIMIT 1   [ RunTime:0.0007s ]
SQL: SELECT weibo.id AS id,weibo.content AS content,weibo.isturn AS isturn,weibo.turn AS turn,weibo.time AS time,weibo.keep AS keep,weibo.comment AS comment,weibo.uid AS uid,userinfo.intro AS intro,userinfo.username AS username,userinfo.face50 AS face50,picture.mini AS mini,picture.wid AS wid FROM hd_weibo weibo LEFT JOIN hd_userinfo userinfo ON weibo.uid=userinfo.uid LEFT JOIN hd_picture picture ON weibo.id=picture.wid WHERE weibo.uid IN ('20','6') ORDER BY weibo.time desc LIMIT 0,10   [ RunTime:0.0010s ]
SQL: SELECT weibo.id AS id,weibo.content AS content,weibo.isturn AS isturn,weibo.turn AS turn,weibo.time AS time,weibo.keep AS keep,weibo.comment AS comment,weibo.uid AS uid,userinfo.intro AS intro,userinfo.username AS username,userinfo.face50 AS face50,picture.mini AS mini,picture.wid AS wid FROM hd_weibo weibo LEFT JOIN hd_userinfo userinfo ON weibo.uid=userinfo.uid LEFT JOIN hd_picture picture ON weibo.id=picture.wid WHERE weibo.id = '91' LIMIT 1   [ RunTime:0.0004s ]
SQL: SELECT weibo.id AS id,weibo.content AS content,weibo.isturn AS isturn,weibo.turn AS turn,weibo.time AS time,weibo.keep AS keep,weibo.comment AS comment,weibo.uid AS uid,userinfo.intro AS intro,userinfo.username AS username,userinfo.face50 AS face50,picture.mini AS mini,picture.wid AS wid FROM hd_weibo weibo LEFT JOIN hd_userinfo userinfo ON weibo.uid=userinfo.uid LEFT JOIN hd_picture picture ON weibo.id=picture.wid WHERE weibo.id = '87' LIMIT 1   [ RunTime:0.0004s ]
INFO: [ view_parse ] --START--
INFO: [ template_filter ] --START--
INFO: Run Behavior\ContentReplaceBehavior [ RunTime:0.000038s ]
INFO: [ template_filter ] --END-- [ RunTime:0.000082s ]
SQL: SELECT * FROM `hd_user` WHERE `id` = 20 LIMIT 1   [ RunTime:0.0003s ]
SQL: SHOW COLUMNS FROM `hd_group` [ RunTime:0.0031s ]
SQL: SELECT * FROM `hd_group` WHERE `uid` = 20  [ RunTime:0.0004s ]
SQL: SELECT * FROM `hd_userinfo` WHERE `uid` = 20 LIMIT 1   [ RunTime:0.0004s ]
INFO: Run Behavior\ParseTemplateBehavior [ RunTime:0.022332s ]
INFO: [ view_parse ] --END-- [ RunTime:0.022411s ]
INFO: [ view_filter ] --START--
INFO: Run Behavior\WriteHtmlCacheBehavior [ RunTime:0.000585s ]
INFO: [ view_filter ] --END-- [ RunTime:0.000641s ]
INFO: [ app_end ] --START--
INFO: Run Behavior\ShowPageTraceBehavior [ RunTime:0.000787s ]
INFO: [ app_end ] --END-- [ RunTime:0.000868s ]

[ 2017-04-13T18:39:35+08:00 ] 127.0.0.1 /Admin/
INFO: [ app_init ] --START--
INFO: Run Behavior\BuildLiteBehavior [ RunTime:0.000017s ]
INFO: [ app_init ] --END-- [ RunTime:0.000427s ]
INFO: [ app_begin ] --START--
INFO: Run Behavior\ReadHtmlCacheBehavior [ RunTime:0.000756s ]
INFO: [ app_begin ] --END-- [ RunTime:0.000805s ]
SQL: SHOW COLUMNS FROM `hd_user` [ RunTime:0.0033s ]
SQL: SELECT `id`,`lock` FROM `hd_user` WHERE `account` = 'zscool@qq.com' LIMIT 1   [ RunTime:0.0003s ]
SQL: SHOW COLUMNS FROM `hd_follow` [ RunTime:0.0042s ]
SQL: SELECT `follow` FROM `hd_follow` WHERE `fans` = 20  [ RunTime:0.0004s ]
SQL: SHOW COLUMNS FROM `hd_weibo` [ RunTime:0.0031s ]
SQL: SHOW COLUMNS FROM `hd_userinfo` [ RunTime:0.0031s ]
SQL: SHOW COLUMNS FROM `hd_picture` [ RunTime:0.0036s ]
SQL: SELECT COUNT(*) AS tp_count FROM hd_weibo weibo LEFT JOIN hd_userinfo userinfo ON weibo.uid=userinfo.uid LEFT JOIN hd_picture picture ON weibo.id=picture.wid WHERE weibo.uid IN ('20','6') LIMIT 1   [ RunTime:0.0005s ]
SQL: SELECT weibo.id AS id,weibo.content AS content,weibo.isturn AS isturn,weibo.turn AS turn,weibo.time AS time,weibo.keep AS keep,weibo.comment AS comment,weibo.uid AS uid,userinfo.intro AS intro,userinfo.username AS username,userinfo.face50 AS face50,picture.mini AS mini,picture.wid AS wid FROM hd_weibo weibo LEFT JOIN hd_userinfo userinfo ON weibo.uid=userinfo.uid LEFT JOIN hd_picture picture ON weibo.id=picture.wid WHERE weibo.uid IN ('20','6') ORDER BY weibo.time desc LIMIT 0,10   [ RunTime:0.0008s ]
SQL: SELECT weibo.id AS id,weibo.content AS content,weibo.isturn AS isturn,weibo.turn AS turn,weibo.time AS time,weibo.keep AS keep,weibo.comment AS comment,weibo.uid AS uid,userinfo.intro AS intro,userinfo.username AS username,userinfo.face50 AS face50,picture.mini AS mini,picture.wid AS wid FROM hd_weibo weibo LEFT JOIN hd_userinfo userinfo ON weibo.uid=userinfo.uid LEFT JOIN hd_picture picture ON weibo.id=picture.wid WHERE weibo.id = '91' LIMIT 1   [ RunTime:0.0004s ]
SQL: SELECT weibo.id AS id,weibo.content AS content,weibo.isturn AS isturn,weibo.turn AS turn,weibo.time AS time,weibo.keep AS keep,weibo.comment AS comment,weibo.uid AS uid,userinfo.intro AS intro,userinfo.username AS username,userinfo.face50 AS face50,picture.mini AS mini,picture.wid AS wid FROM hd_weibo weibo LEFT JOIN hd_userinfo userinfo ON weibo.uid=userinfo.uid LEFT JOIN hd_picture picture ON weibo.id=picture.wid WHERE weibo.id = '87' LIMIT 1   [ RunTime:0.0004s ]
INFO: [ view_parse ] --START--
INFO: [ template_filter ] --START--
INFO: Run Behavior\ContentReplaceBehavior [ RunTime:0.000042s ]
INFO: [ template_filter ] --END-- [ RunTime:0.000095s ]
SQL: SELECT * FROM `hd_user` WHERE `id` = 20 LIMIT 1   [ RunTime:0.0010s ]
SQL: SHOW COLUMNS FROM `hd_group` [ RunTime:0.0027s ]
SQL: SELECT * FROM `hd_group` WHERE `uid` = 20  [ RunTime:0.0003s ]
SQL: SELECT * FROM `hd_userinfo` WHERE `uid` = 20 LIMIT 1   [ RunTime:0.0004s ]
INFO: Run Behavior\ParseTemplateBehavior [ RunTime:0.023468s ]
INFO: [ view_parse ] --END-- [ RunTime:0.023524s ]
INFO: [ view_filter ] --START--
INFO: Run Behavior\WriteHtmlCacheBehavior [ RunTime:0.000603s ]
INFO: [ view_filter ] --END-- [ RunTime:0.000644s ]
INFO: [ app_end ] --START--
INFO: Run Behavior\ShowPageTraceBehavior [ RunTime:0.001242s ]
INFO: [ app_end ] --END-- [ RunTime:0.001329s ]

